<?xml version="1.0" encoding="UTF-8"?>
<testsuites>
  <testsuite name="" tests="496" assertions="1150" errors="0" warnings="0" failures="0" skipped="0" time="217.733425">
    <testsuite name="Tests\App\Entity\AssistantHistoryEntityUnitTest" file="/Users/nori/Projects/ntnu/vektor/v1/monolith/tests/AppBundle/Entity/AssistantHistoryEntityUnitTest.php" tests="4" assertions="4" errors="0" warnings="0" failures="0" skipped="0" time="0.006538">
      <testcase name="testSetUser" class="Tests\App\Entity\AssistantHistoryEntityUnitTest" classname="Tests.App.Entity.AssistantHistoryEntityUnitTest" file="/Users/nori/Projects/ntnu/vektor/v1/monolith/tests/AppBundle/Entity/AssistantHistoryEntityUnitTest.php" line="14" assertions="1" time="0.006305"/>
      <testcase name="testSetSemester" class="Tests\App\Entity\AssistantHistoryEntityUnitTest" classname="Tests.App.Entity.AssistantHistoryEntityUnitTest" file="/Users/nori/Projects/ntnu/vektor/v1/monolith/tests/AppBundle/Entity/AssistantHistoryEntityUnitTest.php" line="36" assertions="1" time="0.000103"/>
      <testcase name="testSetSchool" class="Tests\App\Entity\AssistantHistoryEntityUnitTest" classname="Tests.App.Entity.AssistantHistoryEntityUnitTest" file="/Users/nori/Projects/ntnu/vektor/v1/monolith/tests/AppBundle/Entity/AssistantHistoryEntityUnitTest.php" line="56" assertions="1" time="0.000069"/>
      <testcase name="testSetWorkdays" class="Tests\App\Entity\AssistantHistoryEntityUnitTest" classname="Tests.App.Entity.AssistantHistoryEntityUnitTest" file="/Users/nori/Projects/ntnu/vektor/v1/monolith/tests/AppBundle/Entity/AssistantHistoryEntityUnitTest.php" line="76" assertions="1" time="0.000060"/>
    </testsuite>
    <testsuite name="Tests\App\Entity\AdmissionPeriodEntityUnitTest" file="/Users/nori/Projects/ntnu/vektor/v1/monolith/tests/AppBundle/Entity/AdmissionPeriodEntityUnitTest.php" tests="8" assertions="8" errors="0" warnings="0" failures="0" skipped="0" time="0.011234">
      <testcase name="testShouldSendInfoMeetingNotification" class="Tests\App\Entity\AdmissionPeriodEntityUnitTest" classname="Tests.App.Entity.AdmissionPeriodEntityUnitTest" file="/Users/nori/Projects/ntnu/vektor/v1/monolith/tests/AppBundle/Entity/AdmissionPeriodEntityUnitTest.php" line="14" assertions="1" time="0.009700"/>
      <testcase name="testShouldSendInfoMeetingNotificationWithNull" class="Tests\App\Entity\AdmissionPeriodEntityUnitTest" classname="Tests.App.Entity.AdmissionPeriodEntityUnitTest" file="/Users/nori/Projects/ntnu/vektor/v1/monolith/tests/AppBundle/Entity/AdmissionPeriodEntityUnitTest.php" line="23" assertions="1" time="0.000623"/>
      <testcase name="testShouldSendInfoMeetingNotificationNoShowOnPage" class="Tests\App\Entity\AdmissionPeriodEntityUnitTest" classname="Tests.App.Entity.AdmissionPeriodEntityUnitTest" file="/Users/nori/Projects/ntnu/vektor/v1/monolith/tests/AppBundle/Entity/AdmissionPeriodEntityUnitTest.php" line="30" assertions="1" time="0.000223"/>
      <testcase name="testShouldSendInfoMeetingNotificationNotToday" class="Tests\App\Entity\AdmissionPeriodEntityUnitTest" classname="Tests.App.Entity.AdmissionPeriodEntityUnitTest" file="/Users/nori/Projects/ntnu/vektor/v1/monolith/tests/AppBundle/Entity/AdmissionPeriodEntityUnitTest.php" line="39" assertions="1" time="0.000084"/>
      <testcase name="testShouldSendInfoMeetingNotificationOneHourAgo" class="Tests\App\Entity\AdmissionPeriodEntityUnitTest" classname="Tests.App.Entity.AdmissionPeriodEntityUnitTest" file="/Users/nori/Projects/ntnu/vektor/v1/monolith/tests/AppBundle/Entity/AdmissionPeriodEntityUnitTest.php" line="48" assertions="1" time="0.000073"/>
      <testcase name="testSetstartDate" class="Tests\App\Entity\AdmissionPeriodEntityUnitTest" classname="Tests.App.Entity.AdmissionPeriodEntityUnitTest" file="/Users/nori/Projects/ntnu/vektor/v1/monolith/tests/AppBundle/Entity/AdmissionPeriodEntityUnitTest.php" line="58" assertions="1" time="0.000339"/>
      <testcase name="testSetendDate" class="Tests\App\Entity\AdmissionPeriodEntityUnitTest" classname="Tests.App.Entity.AdmissionPeriodEntityUnitTest" file="/Users/nori/Projects/ntnu/vektor/v1/monolith/tests/AppBundle/Entity/AdmissionPeriodEntityUnitTest.php" line="75" assertions="1" time="0.000120"/>
      <testcase name="testSetDepartment" class="Tests\App\Entity\AdmissionPeriodEntityUnitTest" classname="Tests.App.Entity.AdmissionPeriodEntityUnitTest" file="/Users/nori/Projects/ntnu/vektor/v1/monolith/tests/AppBundle/Entity/AdmissionPeriodEntityUnitTest.php" line="92" assertions="1" time="0.000072"/>
    </testsuite>
    <testsuite name="Tests\App\Entity\CertificateRequestEntityUnitTest" file="/Users/nori/Projects/ntnu/vektor/v1/monolith/tests/AppBundle/Entity/CertificateRequestEntityUnitTest.php" tests="1" assertions="1" errors="0" warnings="0" failures="0" skipped="0" time="0.002303">
      <testcase name="testSetUser" class="Tests\App\Entity\CertificateRequestEntityUnitTest" classname="Tests.App.Entity.CertificateRequestEntityUnitTest" file="/Users/nori/Projects/ntnu/vektor/v1/monolith/tests/AppBundle/Entity/CertificateRequestEntityUnitTest.php" line="12" assertions="1" time="0.002303"/>
    </testsuite>
    <testsuite name="Tests\App\Entity\FeedbackEntityUnitTest" file="/Users/nori/Projects/ntnu/vektor/v1/monolith/tests/AppBundle/Entity/FeedbackEntityUnitTest.php" tests="4" assertions="4" errors="0" warnings="0" failures="0" skipped="0" time="0.000287">
      <testcase name="testSetTitle" class="Tests\App\Entity\FeedbackEntityUnitTest" classname="Tests.App.Entity.FeedbackEntityUnitTest" file="/Users/nori/Projects/ntnu/vektor/v1/monolith/tests/AppBundle/Entity/FeedbackEntityUnitTest.php" line="12" assertions="1" time="0.000094"/>
      <testcase name="testSetDescription" class="Tests\App\Entity\FeedbackEntityUnitTest" classname="Tests.App.Entity.FeedbackEntityUnitTest" file="/Users/nori/Projects/ntnu/vektor/v1/monolith/tests/AppBundle/Entity/FeedbackEntityUnitTest.php" line="25" assertions="1" time="0.000063"/>
      <testcase name="testSetType" class="Tests\App\Entity\FeedbackEntityUnitTest" classname="Tests.App.Entity.FeedbackEntityUnitTest" file="/Users/nori/Projects/ntnu/vektor/v1/monolith/tests/AppBundle/Entity/FeedbackEntityUnitTest.php" line="38" assertions="1" time="0.000058"/>
      <testcase name="testSetUser" class="Tests\App\Entity\FeedbackEntityUnitTest" classname="Tests.App.Entity.FeedbackEntityUnitTest" file="/Users/nori/Projects/ntnu/vektor/v1/monolith/tests/AppBundle/Entity/FeedbackEntityUnitTest.php" line="51" assertions="1" time="0.000072"/>
    </testsuite>
    <testsuite name="Tests\App\Entity\DepartmentEntityUnitTest" file="/Users/nori/Projects/ntnu/vektor/v1/monolith/tests/AppBundle/Entity/DepartmentEntityUnitTest.php" tests="12" assertions="15" errors="0" warnings="0" failures="0" skipped="0" time="0.004056">
      <testcase name="testSetName" class="Tests\App\Entity\DepartmentEntityUnitTest" classname="Tests.App.Entity.DepartmentEntityUnitTest" file="/Users/nori/Projects/ntnu/vektor/v1/monolith/tests/AppBundle/Entity/DepartmentEntityUnitTest.php" line="15" assertions="1" time="0.000094"/>
      <testcase name="testSetShortName" class="Tests\App\Entity\DepartmentEntityUnitTest" classname="Tests.App.Entity.DepartmentEntityUnitTest" file="/Users/nori/Projects/ntnu/vektor/v1/monolith/tests/AppBundle/Entity/DepartmentEntityUnitTest.php" line="29" assertions="1" time="0.000068"/>
      <testcase name="testAddFieldOfStudy" class="Tests\App\Entity\DepartmentEntityUnitTest" classname="Tests.App.Entity.DepartmentEntityUnitTest" file="/Users/nori/Projects/ntnu/vektor/v1/monolith/tests/AppBundle/Entity/DepartmentEntityUnitTest.php" line="43" assertions="1" time="0.000075"/>
      <testcase name="testRemoveFieldOfStudy" class="Tests\App\Entity\DepartmentEntityUnitTest" classname="Tests.App.Entity.DepartmentEntityUnitTest" file="/Users/nori/Projects/ntnu/vektor/v1/monolith/tests/AppBundle/Entity/DepartmentEntityUnitTest.php" line="69" assertions="2" time="0.002237"/>
      <testcase name="testSetEmail" class="Tests\App\Entity\DepartmentEntityUnitTest" classname="Tests.App.Entity.DepartmentEntityUnitTest" file="/Users/nori/Projects/ntnu/vektor/v1/monolith/tests/AppBundle/Entity/DepartmentEntityUnitTest.php" line="101" assertions="1" time="0.000127"/>
      <testcase name="testAddSchool" class="Tests\App\Entity\DepartmentEntityUnitTest" classname="Tests.App.Entity.DepartmentEntityUnitTest" file="/Users/nori/Projects/ntnu/vektor/v1/monolith/tests/AppBundle/Entity/DepartmentEntityUnitTest.php" line="115" assertions="1" time="0.000082"/>
      <testcase name="testRemoveSchool" class="Tests\App\Entity\DepartmentEntityUnitTest" classname="Tests.App.Entity.DepartmentEntityUnitTest" file="/Users/nori/Projects/ntnu/vektor/v1/monolith/tests/AppBundle/Entity/DepartmentEntityUnitTest.php" line="141" assertions="2" time="0.000409"/>
      <testcase name="testSetAddress" class="Tests\App\Entity\DepartmentEntityUnitTest" classname="Tests.App.Entity.DepartmentEntityUnitTest" file="/Users/nori/Projects/ntnu/vektor/v1/monolith/tests/AppBundle/Entity/DepartmentEntityUnitTest.php" line="173" assertions="1" time="0.000119"/>
      <testcase name="testAddAdmissionPeriod" class="Tests\App\Entity\DepartmentEntityUnitTest" classname="Tests.App.Entity.DepartmentEntityUnitTest" file="/Users/nori/Projects/ntnu/vektor/v1/monolith/tests/AppBundle/Entity/DepartmentEntityUnitTest.php" line="186" assertions="1" time="0.000137"/>
      <testcase name="testAddTeam" class="Tests\App\Entity\DepartmentEntityUnitTest" classname="Tests.App.Entity.DepartmentEntityUnitTest" file="/Users/nori/Projects/ntnu/vektor/v1/monolith/tests/AppBundle/Entity/DepartmentEntityUnitTest.php" line="201" assertions="1" time="0.000110"/>
      <testcase name="testRemoveTeam" class="Tests\App\Entity\DepartmentEntityUnitTest" classname="Tests.App.Entity.DepartmentEntityUnitTest" file="/Users/nori/Projects/ntnu/vektor/v1/monolith/tests/AppBundle/Entity/DepartmentEntityUnitTest.php" line="227" assertions="2" time="0.000461"/>
      <testcase name="testSetLogoPath" class="Tests\App\Entity\DepartmentEntityUnitTest" classname="Tests.App.Entity.DepartmentEntityUnitTest" file="/Users/nori/Projects/ntnu/vektor/v1/monolith/tests/AppBundle/Entity/DepartmentEntityUnitTest.php" line="258" assertions="1" time="0.000136"/>
    </testsuite>
    <testsuite name="Tests\App\Entity\ContactEntityUnitTest" file="/Users/nori/Projects/ntnu/vektor/v1/monolith/tests/AppBundle/Entity/ContactEntityUnitTest.php" tests="4" assertions="4" errors="0" warnings="0" failures="0" skipped="0" time="0.002544">
      <testcase name="testSetName" class="Tests\App\Entity\ContactEntityUnitTest" classname="Tests.App.Entity.ContactEntityUnitTest" file="/Users/nori/Projects/ntnu/vektor/v1/monolith/tests/AppBundle/Entity/ContactEntityUnitTest.php" line="11" assertions="1" time="0.002299"/>
      <testcase name="testSetEmail" class="Tests\App\Entity\ContactEntityUnitTest" classname="Tests.App.Entity.ContactEntityUnitTest" file="/Users/nori/Projects/ntnu/vektor/v1/monolith/tests/AppBundle/Entity/ContactEntityUnitTest.php" line="25" assertions="1" time="0.000088"/>
      <testcase name="testSetSubject" class="Tests\App\Entity\ContactEntityUnitTest" classname="Tests.App.Entity.ContactEntityUnitTest" file="/Users/nori/Projects/ntnu/vektor/v1/monolith/tests/AppBundle/Entity/ContactEntityUnitTest.php" line="39" assertions="1" time="0.000063"/>
      <testcase name="testSetBody" class="Tests\App\Entity\ContactEntityUnitTest" classname="Tests.App.Entity.ContactEntityUnitTest" file="/Users/nori/Projects/ntnu/vektor/v1/monolith/tests/AppBundle/Entity/ContactEntityUnitTest.php" line="53" assertions="1" time="0.000094"/>
    </testsuite>
    <testsuite name="Tests\App\Entity\FieldOfStudyEntityUnitTest" file="/Users/nori/Projects/ntnu/vektor/v1/monolith/tests/AppBundle/Entity/FieldOfStudyEntityUnitTest.php" tests="3" assertions="3" errors="0" warnings="0" failures="0" skipped="0" time="0.000224">
      <testcase name="testSetName" class="Tests\App\Entity\FieldOfStudyEntityUnitTest" classname="Tests.App.Entity.FieldOfStudyEntityUnitTest" file="/Users/nori/Projects/ntnu/vektor/v1/monolith/tests/AppBundle/Entity/FieldOfStudyEntityUnitTest.php" line="12" assertions="1" time="0.000095"/>
      <testcase name="testSetShortName" class="Tests\App\Entity\FieldOfStudyEntityUnitTest" classname="Tests.App.Entity.FieldOfStudyEntityUnitTest" file="/Users/nori/Projects/ntnu/vektor/v1/monolith/tests/AppBundle/Entity/FieldOfStudyEntityUnitTest.php" line="26" assertions="1" time="0.000065"/>
      <testcase name="testSetDepartment" class="Tests\App\Entity\FieldOfStudyEntityUnitTest" classname="Tests.App.Entity.FieldOfStudyEntityUnitTest" file="/Users/nori/Projects/ntnu/vektor/v1/monolith/tests/AppBundle/Entity/FieldOfStudyEntityUnitTest.php" line="40" assertions="1" time="0.000065"/>
    </testsuite>
    <testsuite name="Tests\App\Entity\InterviewAnswerEntityUnitTest" file="/Users/nori/Projects/ntnu/vektor/v1/monolith/tests/AppBundle/Entity/InterviewAnswerEntityUnitTest.php" tests="3" assertions="3" errors="0" warnings="0" failures="0" skipped="0" time="0.000239">
      <testcase name="testSetAnswer" class="Tests\App\Entity\InterviewAnswerEntityUnitTest" classname="Tests.App.Entity.InterviewAnswerEntityUnitTest" file="/Users/nori/Projects/ntnu/vektor/v1/monolith/tests/AppBundle/Entity/InterviewAnswerEntityUnitTest.php" line="12" assertions="1" time="0.000102"/>
      <testcase name="testSetInterview" class="Tests\App\Entity\InterviewAnswerEntityUnitTest" classname="Tests.App.Entity.InterviewAnswerEntityUnitTest" file="/Users/nori/Projects/ntnu/vektor/v1/monolith/tests/AppBundle/Entity/InterviewAnswerEntityUnitTest.php" line="21" assertions="1" time="0.000075"/>
      <testcase name="testSetInterviewQuestion" class="Tests\App\Entity\InterviewAnswerEntityUnitTest" classname="Tests.App.Entity.InterviewAnswerEntityUnitTest" file="/Users/nori/Projects/ntnu/vektor/v1/monolith/tests/AppBundle/Entity/InterviewAnswerEntityUnitTest.php" line="31" assertions="1" time="0.000062"/>
    </testsuite>
    <testsuite name="Tests\App\Entity\InterviewEntityUnitTest" file="/Users/nori/Projects/ntnu/vektor/v1/monolith/tests/AppBundle/Entity/InterviewEntityUnitTest.php" tests="8" assertions="9" errors="0" warnings="0" failures="0" skipped="0" time="0.001741">
      <testcase name="testSetInterviewSchema" class="Tests\App\Entity\InterviewEntityUnitTest" classname="Tests.App.Entity.InterviewEntityUnitTest" file="/Users/nori/Projects/ntnu/vektor/v1/monolith/tests/AppBundle/Entity/InterviewEntityUnitTest.php" line="15" assertions="1" time="0.000138"/>
      <testcase name="testSetInterviewer" class="Tests\App\Entity\InterviewEntityUnitTest" classname="Tests.App.Entity.InterviewEntityUnitTest" file="/Users/nori/Projects/ntnu/vektor/v1/monolith/tests/AppBundle/Entity/InterviewEntityUnitTest.php" line="25" assertions="1" time="0.000079"/>
      <testcase name="testAddInterviewAnswer" class="Tests\App\Entity\InterviewEntityUnitTest" classname="Tests.App.Entity.InterviewEntityUnitTest" file="/Users/nori/Projects/ntnu/vektor/v1/monolith/tests/AppBundle/Entity/InterviewEntityUnitTest.php" line="35" assertions="1" time="0.001092"/>
      <testcase name="testRemoveInterviewAnswer" class="Tests\App\Entity\InterviewEntityUnitTest" classname="Tests.App.Entity.InterviewEntityUnitTest" file="/Users/nori/Projects/ntnu/vektor/v1/monolith/tests/AppBundle/Entity/InterviewEntityUnitTest.php" line="45" assertions="2" time="0.000094"/>
      <testcase name="testSetInterviewScore" class="Tests\App\Entity\InterviewEntityUnitTest" classname="Tests.App.Entity.InterviewEntityUnitTest" file="/Users/nori/Projects/ntnu/vektor/v1/monolith/tests/AppBundle/Entity/InterviewEntityUnitTest.php" line="59" assertions="1" time="0.000069"/>
      <testcase name="testSetInterviewed" class="Tests\App\Entity\InterviewEntityUnitTest" classname="Tests.App.Entity.InterviewEntityUnitTest" file="/Users/nori/Projects/ntnu/vektor/v1/monolith/tests/AppBundle/Entity/InterviewEntityUnitTest.php" line="69" assertions="1" time="0.000139"/>
      <testcase name="testSetScheduled" class="Tests\App\Entity\InterviewEntityUnitTest" classname="Tests.App.Entity.InterviewEntityUnitTest" file="/Users/nori/Projects/ntnu/vektor/v1/monolith/tests/AppBundle/Entity/InterviewEntityUnitTest.php" line="78" assertions="1" time="0.000068"/>
      <testcase name="testSetConducted" class="Tests\App\Entity\InterviewEntityUnitTest" classname="Tests.App.Entity.InterviewEntityUnitTest" file="/Users/nori/Projects/ntnu/vektor/v1/monolith/tests/AppBundle/Entity/InterviewEntityUnitTest.php" line="88" assertions="1" time="0.000062"/>
    </testsuite>
    <testsuite name="Tests\App\Entity\InterviewQuestionAlternativeEntityUnitTest" file="/Users/nori/Projects/ntnu/vektor/v1/monolith/tests/AppBundle/Entity/InterviewQuestionAlternativeEntityUnitTest.php" tests="2" assertions="2" errors="0" warnings="0" failures="0" skipped="0" time="0.000303">
      <testcase name="testSetAlternative" class="Tests\App\Entity\InterviewQuestionAlternativeEntityUnitTest" classname="Tests.App.Entity.InterviewQuestionAlternativeEntityUnitTest" file="/Users/nori/Projects/ntnu/vektor/v1/monolith/tests/AppBundle/Entity/InterviewQuestionAlternativeEntityUnitTest.php" line="11" assertions="1" time="0.000184"/>
      <testcase name="testSetInterviewQuestion" class="Tests\App\Entity\InterviewQuestionAlternativeEntityUnitTest" classname="Tests.App.Entity.InterviewQuestionAlternativeEntityUnitTest" file="/Users/nori/Projects/ntnu/vektor/v1/monolith/tests/AppBundle/Entity/InterviewQuestionAlternativeEntityUnitTest.php" line="20" assertions="1" time="0.000119"/>
    </testsuite>
    <testsuite name="Tests\App\Entity\InterviewQuestionEntityUnitTest" file="/Users/nori/Projects/ntnu/vektor/v1/monolith/tests/AppBundle/Entity/InterviewQuestionEntityUnitTest.php" tests="5" assertions="7" errors="0" warnings="0" failures="0" skipped="0" time="0.002003">
      <testcase name="testSetQuestion" class="Tests\App\Entity\InterviewQuestionEntityUnitTest" classname="Tests.App.Entity.InterviewQuestionEntityUnitTest" file="/Users/nori/Projects/ntnu/vektor/v1/monolith/tests/AppBundle/Entity/InterviewQuestionEntityUnitTest.php" line="11" assertions="1" time="0.000139"/>
      <testcase name="testSetHelp" class="Tests\App\Entity\InterviewQuestionEntityUnitTest" classname="Tests.App.Entity.InterviewQuestionEntityUnitTest" file="/Users/nori/Projects/ntnu/vektor/v1/monolith/tests/AppBundle/Entity/InterviewQuestionEntityUnitTest.php" line="20" assertions="1" time="0.000078"/>
      <testcase name="testSetType" class="Tests\App\Entity\InterviewQuestionEntityUnitTest" classname="Tests.App.Entity.InterviewQuestionEntityUnitTest" file="/Users/nori/Projects/ntnu/vektor/v1/monolith/tests/AppBundle/Entity/InterviewQuestionEntityUnitTest.php" line="29" assertions="1" time="0.000079"/>
      <testcase name="testAddAlternative" class="Tests\App\Entity\InterviewQuestionEntityUnitTest" classname="Tests.App.Entity.InterviewQuestionEntityUnitTest" file="/Users/nori/Projects/ntnu/vektor/v1/monolith/tests/AppBundle/Entity/InterviewQuestionEntityUnitTest.php" line="38" assertions="2" time="0.000070"/>
      <testcase name="testRemoveAlternative" class="Tests\App\Entity\InterviewQuestionEntityUnitTest" classname="Tests.App.Entity.InterviewQuestionEntityUnitTest" file="/Users/nori/Projects/ntnu/vektor/v1/monolith/tests/AppBundle/Entity/InterviewQuestionEntityUnitTest.php" line="50" assertions="2" time="0.001637"/>
    </testsuite>
    <testsuite name="Tests\App\Entity\InterviewSchemaEntityUnitTest" file="/Users/nori/Projects/ntnu/vektor/v1/monolith/tests/AppBundle/Entity/InterviewSchemaEntityUnitTest.php" tests="3" assertions="5" errors="0" warnings="0" failures="0" skipped="0" time="0.001149">
      <testcase name="testAddInterviewQuestion" class="Tests\App\Entity\InterviewSchemaEntityUnitTest" classname="Tests.App.Entity.InterviewSchemaEntityUnitTest" file="/Users/nori/Projects/ntnu/vektor/v1/monolith/tests/AppBundle/Entity/InterviewSchemaEntityUnitTest.php" line="11" assertions="2" time="0.000917"/>
      <testcase name="testRemoveInterviewQuestion" class="Tests\App\Entity\InterviewSchemaEntityUnitTest" classname="Tests.App.Entity.InterviewSchemaEntityUnitTest" file="/Users/nori/Projects/ntnu/vektor/v1/monolith/tests/AppBundle/Entity/InterviewSchemaEntityUnitTest.php" line="23" assertions="2" time="0.000131"/>
      <testcase name="testSetName" class="Tests\App\Entity\InterviewSchemaEntityUnitTest" classname="Tests.App.Entity.InterviewSchemaEntityUnitTest" file="/Users/nori/Projects/ntnu/vektor/v1/monolith/tests/AppBundle/Entity/InterviewSchemaEntityUnitTest.php" line="37" assertions="1" time="0.000101"/>
    </testsuite>
    <testsuite name="Tests\App\Entity\InterviewScoreEntityUnitTest" file="/Users/nori/Projects/ntnu/vektor/v1/monolith/tests/AppBundle/Entity/InterviewScoreEntityUnitTest.php" tests="3" assertions="3" errors="0" warnings="0" failures="0" skipped="0" time="0.000314">
      <testcase name="testSetExplanatoryPower" class="Tests\App\Entity\InterviewScoreEntityUnitTest" classname="Tests.App.Entity.InterviewScoreEntityUnitTest" file="/Users/nori/Projects/ntnu/vektor/v1/monolith/tests/AppBundle/Entity/InterviewScoreEntityUnitTest.php" line="10" assertions="1" time="0.000117"/>
      <testcase name="testSetRoleModel" class="Tests\App\Entity\InterviewScoreEntityUnitTest" classname="Tests.App.Entity.InterviewScoreEntityUnitTest" file="/Users/nori/Projects/ntnu/vektor/v1/monolith/tests/AppBundle/Entity/InterviewScoreEntityUnitTest.php" line="19" assertions="1" time="0.000102"/>
      <testcase name="testGetSum" class="Tests\App\Entity\InterviewScoreEntityUnitTest" classname="Tests.App.Entity.InterviewScoreEntityUnitTest" file="/Users/nori/Projects/ntnu/vektor/v1/monolith/tests/AppBundle/Entity/InterviewScoreEntityUnitTest.php" line="28" assertions="1" time="0.000095"/>
    </testsuite>
    <testsuite name="Tests\App\Entity\PasswordResetEntityUnitTest" file="/Users/nori/Projects/ntnu/vektor/v1/monolith/tests/AppBundle/Entity/PasswordResetEntityUnitTest.php" tests="3" assertions="3" errors="0" warnings="0" failures="0" skipped="0" time="0.000394">
      <testcase name="testSetUser" class="Tests\App\Entity\PasswordResetEntityUnitTest" classname="Tests.App.Entity.PasswordResetEntityUnitTest" file="/Users/nori/Projects/ntnu/vektor/v1/monolith/tests/AppBundle/Entity/PasswordResetEntityUnitTest.php" line="13" assertions="1" time="0.000160"/>
      <testcase name="testSetHashedResetCode" class="Tests\App\Entity\PasswordResetEntityUnitTest" classname="Tests.App.Entity.PasswordResetEntityUnitTest" file="/Users/nori/Projects/ntnu/vektor/v1/monolith/tests/AppBundle/Entity/PasswordResetEntityUnitTest.php" line="25" assertions="1" time="0.000144"/>
      <testcase name="testSetResetTime" class="Tests\App\Entity\PasswordResetEntityUnitTest" classname="Tests.App.Entity.PasswordResetEntityUnitTest" file="/Users/nori/Projects/ntnu/vektor/v1/monolith/tests/AppBundle/Entity/PasswordResetEntityUnitTest.php" line="41" assertions="1" time="0.000090"/>
    </testsuite>
    <testsuite name="Tests\App\Entity\PositionEntityUnitTest" file="/Users/nori/Projects/ntnu/vektor/v1/monolith/tests/AppBundle/Entity/PositionEntityUnitTest.php" tests="1" assertions="1" errors="0" warnings="0" failures="0" skipped="0" time="9.8E-5">
      <testcase name="testSetName" class="Tests\App\Entity\PositionEntityUnitTest" classname="Tests.App.Entity.PositionEntityUnitTest" file="/Users/nori/Projects/ntnu/vektor/v1/monolith/tests/AppBundle/Entity/PositionEntityUnitTest.php" line="11" assertions="1" time="0.000098"/>
    </testsuite>
    <testsuite name="Tests\App\Entity\ReceiptEntityUnitTest" file="/Users/nori/Projects/ntnu/vektor/v1/monolith/tests/AppBundle/Entity/ReceiptEntityUnitTest.php" tests="5" assertions="5" errors="0" warnings="0" failures="0" skipped="0" time="0.000423">
      <testcase name="testSetUser" class="Tests\App\Entity\ReceiptEntityUnitTest" classname="Tests.App.Entity.ReceiptEntityUnitTest" file="/Users/nori/Projects/ntnu/vektor/v1/monolith/tests/AppBundle/Entity/ReceiptEntityUnitTest.php" line="13" assertions="1" time="0.000136"/>
      <testcase name="testSetSubmitDate" class="Tests\App\Entity\ReceiptEntityUnitTest" classname="Tests.App.Entity.ReceiptEntityUnitTest" file="/Users/nori/Projects/ntnu/vektor/v1/monolith/tests/AppBundle/Entity/ReceiptEntityUnitTest.php" line="26" assertions="1" time="0.000078"/>
      <testcase name="testSetPicturePath" class="Tests\App\Entity\ReceiptEntityUnitTest" classname="Tests.App.Entity.ReceiptEntityUnitTest" file="/Users/nori/Projects/ntnu/vektor/v1/monolith/tests/AppBundle/Entity/ReceiptEntityUnitTest.php" line="36" assertions="1" time="0.000073"/>
      <testcase name="testSetDescription" class="Tests\App\Entity\ReceiptEntityUnitTest" classname="Tests.App.Entity.ReceiptEntityUnitTest" file="/Users/nori/Projects/ntnu/vektor/v1/monolith/tests/AppBundle/Entity/ReceiptEntityUnitTest.php" line="46" assertions="1" time="0.000070"/>
      <testcase name="testSetStatus" class="Tests\App\Entity\ReceiptEntityUnitTest" classname="Tests.App.Entity.ReceiptEntityUnitTest" file="/Users/nori/Projects/ntnu/vektor/v1/monolith/tests/AppBundle/Entity/ReceiptEntityUnitTest.php" line="56" assertions="1" time="0.000066"/>
    </testsuite>
    <testsuite name="Tests\App\Entity\RoleEntityUnitTest" file="/Users/nori/Projects/ntnu/vektor/v1/monolith/tests/AppBundle/Entity/RoleEntityUnitTest.php" tests="6" assertions="9" errors="0" warnings="0" failures="0" skipped="0" time="0.001407">
      <testcase name="testSetId" class="Tests\App\Entity\RoleEntityUnitTest" classname="Tests.App.Entity.RoleEntityUnitTest" file="/Users/nori/Projects/ntnu/vektor/v1/monolith/tests/AppBundle/Entity/RoleEntityUnitTest.php" line="12" assertions="1" time="0.000131"/>
      <testcase name="testSetName" class="Tests\App\Entity\RoleEntityUnitTest" classname="Tests.App.Entity.RoleEntityUnitTest" file="/Users/nori/Projects/ntnu/vektor/v1/monolith/tests/AppBundle/Entity/RoleEntityUnitTest.php" line="26" assertions="1" time="0.000103"/>
      <testcase name="testSetRole" class="Tests\App\Entity\RoleEntityUnitTest" classname="Tests.App.Entity.RoleEntityUnitTest" file="/Users/nori/Projects/ntnu/vektor/v1/monolith/tests/AppBundle/Entity/RoleEntityUnitTest.php" line="40" assertions="1" time="0.000104"/>
      <testcase name="testSetUsers" class="Tests\App\Entity\RoleEntityUnitTest" classname="Tests.App.Entity.RoleEntityUnitTest" file="/Users/nori/Projects/ntnu/vektor/v1/monolith/tests/AppBundle/Entity/RoleEntityUnitTest.php" line="54" assertions="3" time="0.000139"/>
      <testcase name="testAddUser" class="Tests\App\Entity\RoleEntityUnitTest" classname="Tests.App.Entity.RoleEntityUnitTest" file="/Users/nori/Projects/ntnu/vektor/v1/monolith/tests/AppBundle/Entity/RoleEntityUnitTest.php" line="89" assertions="1" time="0.000125"/>
      <testcase name="testRemoveUser" class="Tests\App\Entity\RoleEntityUnitTest" classname="Tests.App.Entity.RoleEntityUnitTest" file="/Users/nori/Projects/ntnu/vektor/v1/monolith/tests/AppBundle/Entity/RoleEntityUnitTest.php" line="115" assertions="2" time="0.000804"/>
    </testsuite>
    <testsuite name="Tests\App\Entity\SchoolEntityUnitTest" file="/Users/nori/Projects/ntnu/vektor/v1/monolith/tests/AppBundle/Entity/SchoolEntityUnitTest.php" tests="6" assertions="7" errors="0" warnings="0" failures="0" skipped="0" time="0.002007">
      <testcase name="testSetName" class="Tests\App\Entity\SchoolEntityUnitTest" classname="Tests.App.Entity.SchoolEntityUnitTest" file="/Users/nori/Projects/ntnu/vektor/v1/monolith/tests/AppBundle/Entity/SchoolEntityUnitTest.php" line="12" assertions="1" time="0.000174"/>
      <testcase name="testSetContactPerson" class="Tests\App\Entity\SchoolEntityUnitTest" classname="Tests.App.Entity.SchoolEntityUnitTest" file="/Users/nori/Projects/ntnu/vektor/v1/monolith/tests/AppBundle/Entity/SchoolEntityUnitTest.php" line="26" assertions="1" time="0.000107"/>
      <testcase name="testAddDepartment" class="Tests\App\Entity\SchoolEntityUnitTest" classname="Tests.App.Entity.SchoolEntityUnitTest" file="/Users/nori/Projects/ntnu/vektor/v1/monolith/tests/AppBundle/Entity/SchoolEntityUnitTest.php" line="40" assertions="1" time="0.000131"/>
      <testcase name="testRemoveDepartment" class="Tests\App\Entity\SchoolEntityUnitTest" classname="Tests.App.Entity.SchoolEntityUnitTest" file="/Users/nori/Projects/ntnu/vektor/v1/monolith/tests/AppBundle/Entity/SchoolEntityUnitTest.php" line="66" assertions="2" time="0.001385"/>
      <testcase name="testSetEmail" class="Tests\App\Entity\SchoolEntityUnitTest" classname="Tests.App.Entity.SchoolEntityUnitTest" file="/Users/nori/Projects/ntnu/vektor/v1/monolith/tests/AppBundle/Entity/SchoolEntityUnitTest.php" line="98" assertions="1" time="0.000117"/>
      <testcase name="testSetPhone" class="Tests\App\Entity\SchoolEntityUnitTest" classname="Tests.App.Entity.SchoolEntityUnitTest" file="/Users/nori/Projects/ntnu/vektor/v1/monolith/tests/AppBundle/Entity/SchoolEntityUnitTest.php" line="112" assertions="1" time="0.000093"/>
    </testsuite>
    <testsuite name="Tests\App\Entity\SemesterEntityUnitTest" file="/Users/nori/Projects/ntnu/vektor/v1/monolith/tests/AppBundle/Entity/SemesterEntityUnitTest.php" tests="7" assertions="31" errors="0" warnings="0" failures="0" skipped="0" time="0.00093">
      <testcase name="testSetYear" class="Tests\App\Entity\SemesterEntityUnitTest" classname="Tests.App.Entity.SemesterEntityUnitTest" file="/Users/nori/Projects/ntnu/vektor/v1/monolith/tests/AppBundle/Entity/SemesterEntityUnitTest.php" line="10" assertions="1" time="0.000097"/>
      <testcase name="testSetSemesterTime" class="Tests\App\Entity\SemesterEntityUnitTest" classname="Tests.App.Entity.SemesterEntityUnitTest" file="/Users/nori/Projects/ntnu/vektor/v1/monolith/tests/AppBundle/Entity/SemesterEntityUnitTest.php" line="18" assertions="1" time="0.000066"/>
      <testcase name="testGetSemesterStartDate" class="Tests\App\Entity\SemesterEntityUnitTest" classname="Tests.App.Entity.SemesterEntityUnitTest" file="/Users/nori/Projects/ntnu/vektor/v1/monolith/tests/AppBundle/Entity/SemesterEntityUnitTest.php" line="26" assertions="1" time="0.000221"/>
      <testcase name="testGetSemesterEndDate" class="Tests\App\Entity\SemesterEntityUnitTest" classname="Tests.App.Entity.SemesterEntityUnitTest" file="/Users/nori/Projects/ntnu/vektor/v1/monolith/tests/AppBundle/Entity/SemesterEntityUnitTest.php" line="40" assertions="1" time="0.000157"/>
      <testcase name="testIsBefore" class="Tests\App\Entity\SemesterEntityUnitTest" classname="Tests.App.Entity.SemesterEntityUnitTest" file="/Users/nori/Projects/ntnu/vektor/v1/monolith/tests/AppBundle/Entity/SemesterEntityUnitTest.php" line="54" assertions="7" time="0.000238"/>
      <testcase name="testIsAfter" class="Tests\App\Entity\SemesterEntityUnitTest" classname="Tests.App.Entity.SemesterEntityUnitTest" file="/Users/nori/Projects/ntnu/vektor/v1/monolith/tests/AppBundle/Entity/SemesterEntityUnitTest.php" line="130" assertions="7" time="0.000074"/>
      <testcase name="testInBetween" class="Tests\App\Entity\SemesterEntityUnitTest" classname="Tests.App.Entity.SemesterEntityUnitTest" file="/Users/nori/Projects/ntnu/vektor/v1/monolith/tests/AppBundle/Entity/SemesterEntityUnitTest.php" line="205" assertions="13" time="0.000077"/>
    </testsuite>
    <testsuite name="Tests\App\Entity\TeamEntityUnitTest" file="/Users/nori/Projects/ntnu/vektor/v1/monolith/tests/AppBundle/Entity/TeamEntityUnitTest.php" tests="3" assertions="4" errors="0" warnings="0" failures="0" skipped="0" time="0.000593">
      <testcase name="testSetName" class="Tests\App\Entity\TeamEntityUnitTest" classname="Tests.App.Entity.TeamEntityUnitTest" file="/Users/nori/Projects/ntnu/vektor/v1/monolith/tests/AppBundle/Entity/TeamEntityUnitTest.php" line="13" assertions="1" time="0.000098"/>
      <testcase name="testSetDepartment" class="Tests\App\Entity\TeamEntityUnitTest" classname="Tests.App.Entity.TeamEntityUnitTest" file="/Users/nori/Projects/ntnu/vektor/v1/monolith/tests/AppBundle/Entity/TeamEntityUnitTest.php" line="27" assertions="1" time="0.000070"/>
      <testcase name="testSetDeadlineAndAcceptApplication" class="Tests\App\Entity\TeamEntityUnitTest" classname="Tests.App.Entity.TeamEntityUnitTest" file="/Users/nori/Projects/ntnu/vektor/v1/monolith/tests/AppBundle/Entity/TeamEntityUnitTest.php" line="45" assertions="2" time="0.000425"/>
    </testsuite>
    <testsuite name="Tests\App\Entity\TeamInterestEntityUnitTest" file="/Users/nori/Projects/ntnu/vektor/v1/monolith/tests/AppBundle/Entity/TeamInterestEntityUnitTest.php" tests="5" assertions="5" errors="0" warnings="0" failures="0" skipped="0" time="0.000427">
      <testcase name="testSetName" class="Tests\App\Entity\TeamInterestEntityUnitTest" classname="Tests.App.Entity.TeamInterestEntityUnitTest" file="/Users/nori/Projects/ntnu/vektor/v1/monolith/tests/AppBundle/Entity/TeamInterestEntityUnitTest.php" line="25" assertions="1" time="0.000093"/>
      <testcase name="testSetEmail" class="Tests\App\Entity\TeamInterestEntityUnitTest" classname="Tests.App.Entity.TeamInterestEntityUnitTest" file="/Users/nori/Projects/ntnu/vektor/v1/monolith/tests/AppBundle/Entity/TeamInterestEntityUnitTest.php" line="31" assertions="1" time="0.000077"/>
      <testcase name="testSetPotentialTeams" class="Tests\App\Entity\TeamInterestEntityUnitTest" classname="Tests.App.Entity.TeamInterestEntityUnitTest" file="/Users/nori/Projects/ntnu/vektor/v1/monolith/tests/AppBundle/Entity/TeamInterestEntityUnitTest.php" line="37" assertions="1" time="0.000112"/>
      <testcase name="testSetSemester" class="Tests\App\Entity\TeamInterestEntityUnitTest" classname="Tests.App.Entity.TeamInterestEntityUnitTest" file="/Users/nori/Projects/ntnu/vektor/v1/monolith/tests/AppBundle/Entity/TeamInterestEntityUnitTest.php" line="44" assertions="1" time="0.000080"/>
      <testcase name="testSetDepartment" class="Tests\App\Entity\TeamInterestEntityUnitTest" classname="Tests.App.Entity.TeamInterestEntityUnitTest" file="/Users/nori/Projects/ntnu/vektor/v1/monolith/tests/AppBundle/Entity/TeamInterestEntityUnitTest.php" line="51" assertions="1" time="0.000065"/>
    </testsuite>
    <testsuite name="Tests\App\Entity\TeamMembershipEntityUnitTest" file="/Users/nori/Projects/ntnu/vektor/v1/monolith/tests/AppBundle/Entity/TeamMembershipEntityUnitTest.php" tests="3" assertions="3" errors="0" warnings="0" failures="0" skipped="0" time="0.000233">
      <testcase name="testSetUser" class="Tests\App\Entity\TeamMembershipEntityUnitTest" classname="Tests.App.Entity.TeamMembershipEntityUnitTest" file="/Users/nori/Projects/ntnu/vektor/v1/monolith/tests/AppBundle/Entity/TeamMembershipEntityUnitTest.php" line="15" assertions="1" time="0.000104"/>
      <testcase name="testSetTeam" class="Tests\App\Entity\TeamMembershipEntityUnitTest" classname="Tests.App.Entity.TeamMembershipEntityUnitTest" file="/Users/nori/Projects/ntnu/vektor/v1/monolith/tests/AppBundle/Entity/TeamMembershipEntityUnitTest.php" line="33" assertions="1" time="0.000067"/>
      <testcase name="testSetPosition" class="Tests\App\Entity\TeamMembershipEntityUnitTest" classname="Tests.App.Entity.TeamMembershipEntityUnitTest" file="/Users/nori/Projects/ntnu/vektor/v1/monolith/tests/AppBundle/Entity/TeamMembershipEntityUnitTest.php" line="51" assertions="1" time="0.000061"/>
    </testsuite>
    <testsuite name="Tests\App\Entity\UserEntityUnitTest" file="/Users/nori/Projects/ntnu/vektor/v1/monolith/tests/AppBundle/Entity/UserEntityUnitTest.php" tests="11" assertions="11" errors="0" warnings="0" failures="0" skipped="0" time="0.000734">
      <testcase name="testSetEmail" class="Tests\App\Entity\UserEntityUnitTest" classname="Tests.App.Entity.UserEntityUnitTest" file="/Users/nori/Projects/ntnu/vektor/v1/monolith/tests/AppBundle/Entity/UserEntityUnitTest.php" line="13" assertions="1" time="0.000107"/>
      <testcase name="testsetActive" class="Tests\App\Entity\UserEntityUnitTest" classname="Tests.App.Entity.UserEntityUnitTest" file="/Users/nori/Projects/ntnu/vektor/v1/monolith/tests/AppBundle/Entity/UserEntityUnitTest.php" line="27" assertions="1" time="0.000069"/>
      <testcase name="testSetLastName" class="Tests\App\Entity\UserEntityUnitTest" classname="Tests.App.Entity.UserEntityUnitTest" file="/Users/nori/Projects/ntnu/vektor/v1/monolith/tests/AppBundle/Entity/UserEntityUnitTest.php" line="41" assertions="1" time="0.000064"/>
      <testcase name="testSetFirstname" class="Tests\App\Entity\UserEntityUnitTest" classname="Tests.App.Entity.UserEntityUnitTest" file="/Users/nori/Projects/ntnu/vektor/v1/monolith/tests/AppBundle/Entity/UserEntityUnitTest.php" line="55" assertions="1" time="0.000063"/>
      <testcase name="testSetGender" class="Tests\App\Entity\UserEntityUnitTest" classname="Tests.App.Entity.UserEntityUnitTest" file="/Users/nori/Projects/ntnu/vektor/v1/monolith/tests/AppBundle/Entity/UserEntityUnitTest.php" line="69" assertions="1" time="0.000061"/>
      <testcase name="testSetPicturePath" class="Tests\App\Entity\UserEntityUnitTest" classname="Tests.App.Entity.UserEntityUnitTest" file="/Users/nori/Projects/ntnu/vektor/v1/monolith/tests/AppBundle/Entity/UserEntityUnitTest.php" line="83" assertions="1" time="0.000059"/>
      <testcase name="testSetPhone" class="Tests\App\Entity\UserEntityUnitTest" classname="Tests.App.Entity.UserEntityUnitTest" file="/Users/nori/Projects/ntnu/vektor/v1/monolith/tests/AppBundle/Entity/UserEntityUnitTest.php" line="97" assertions="1" time="0.000059"/>
      <testcase name="testSetUserName" class="Tests\App\Entity\UserEntityUnitTest" classname="Tests.App.Entity.UserEntityUnitTest" file="/Users/nori/Projects/ntnu/vektor/v1/monolith/tests/AppBundle/Entity/UserEntityUnitTest.php" line="111" assertions="1" time="0.000059"/>
      <testcase name="testSetFieldOfStudy" class="Tests\App\Entity\UserEntityUnitTest" classname="Tests.App.Entity.UserEntityUnitTest" file="/Users/nori/Projects/ntnu/vektor/v1/monolith/tests/AppBundle/Entity/UserEntityUnitTest.php" line="125" assertions="1" time="0.000061"/>
      <testcase name="testAddRole" class="Tests\App\Entity\UserEntityUnitTest" classname="Tests.App.Entity.UserEntityUnitTest" file="/Users/nori/Projects/ntnu/vektor/v1/monolith/tests/AppBundle/Entity/UserEntityUnitTest.php" line="143" assertions="1" time="0.000070"/>
      <testcase name="testSetNewUserCode" class="Tests\App\Entity\UserEntityUnitTest" classname="Tests.App.Entity.UserEntityUnitTest" file="/Users/nori/Projects/ntnu/vektor/v1/monolith/tests/AppBundle/Entity/UserEntityUnitTest.php" line="165" assertions="1" time="0.000060"/>
    </testsuite>
    <testsuite name="Tests\App\Extension\TeamPositionSortExtensionUnitTest" file="/Users/nori/Projects/ntnu/vektor/v1/monolith/tests/AppBundle/Extension/TeamPositionSortExtensionUnitTest.php" tests="2" assertions="14" errors="0" warnings="0" failures="0" skipped="0" time="0.001404">
      <testcase name="testExecutiveMembers" class="Tests\App\Extension\TeamPositionSortExtensionUnitTest" classname="Tests.App.Extension.TeamPositionSortExtensionUnitTest" file="/Users/nori/Projects/ntnu/vektor/v1/monolith/tests/AppBundle/Extension/TeamPositionSortExtensionUnitTest.php" line="43" assertions="7" time="0.000493"/>
      <testcase name="testTeamMemberships" class="Tests\App\Extension\TeamPositionSortExtensionUnitTest" classname="Tests.App.Extension.TeamPositionSortExtensionUnitTest" file="/Users/nori/Projects/ntnu/vektor/v1/monolith/tests/AppBundle/Extension/TeamPositionSortExtensionUnitTest.php" line="66" assertions="7" time="0.000911"/>
    </testsuite>
    <testsuite name="Tests\App\Service\GeoLocationTest" file="/Users/nori/Projects/ntnu/vektor/v1/monolith/tests/AppBundle/Service/GeoLocationTest.php" tests="2" assertions="2" errors="0" warnings="0" failures="0" skipped="0" time="0.024312">
      <testcase name="testDistance" class="Tests\App\Service\GeoLocationTest" classname="Tests.App.Service.GeoLocationTest" file="/Users/nori/Projects/ntnu/vektor/v1/monolith/tests/AppBundle/Service/GeoLocationTest.php" line="70" assertions="1" time="0.023749"/>
      <testcase name="testFindDepartmentClosestTo" class="Tests\App\Service\GeoLocationTest" classname="Tests.App.Service.GeoLocationTest" file="/Users/nori/Projects/ntnu/vektor/v1/monolith/tests/AppBundle/Service/GeoLocationTest.php" line="83" assertions="1" time="0.000564"/>
    </testsuite>
    <testsuite name="Tests\App\Util\TimeUtilTest" file="/Users/nori/Projects/ntnu/vektor/v1/monolith/tests/AppBundle/Util/TimeUtilTest.php" tests="6" assertions="6" errors="0" warnings="0" failures="0" skipped="0" time="0.00053">
      <testcase name="testDateTimeIsTodayWithTodayDate" class="Tests\App\Util\TimeUtilTest" classname="Tests.App.Util.TimeUtilTest" file="/Users/nori/Projects/ntnu/vektor/v1/monolith/tests/AppBundle/Util/TimeUtilTest.php" line="11" assertions="1" time="0.000203"/>
      <testcase name="testDateTimeIsTodayWithYesterdaysDate" class="Tests\App\Util\TimeUtilTest" classname="Tests.App.Util.TimeUtilTest" file="/Users/nori/Projects/ntnu/vektor/v1/monolith/tests/AppBundle/Util/TimeUtilTest.php" line="17" assertions="1" time="0.000078"/>
      <testcase name="testDateTimeIsTodayWithTomorrowsDate" class="Tests\App\Util\TimeUtilTest" classname="Tests.App.Util.TimeUtilTest" file="/Users/nori/Projects/ntnu/vektor/v1/monolith/tests/AppBundle/Util/TimeUtilTest.php" line="23" assertions="1" time="0.000067"/>
      <testcase name="testDateTimeIsInTheFutureWithFutureDate" class="Tests\App\Util\TimeUtilTest" classname="Tests.App.Util.TimeUtilTest" file="/Users/nori/Projects/ntnu/vektor/v1/monolith/tests/AppBundle/Util/TimeUtilTest.php" line="29" assertions="1" time="0.000063"/>
      <testcase name="testDateTimeIsInTheFutureWithPastDate" class="Tests\App\Util\TimeUtilTest" classname="Tests.App.Util.TimeUtilTest" file="/Users/nori/Projects/ntnu/vektor/v1/monolith/tests/AppBundle/Util/TimeUtilTest.php" line="35" assertions="1" time="0.000062"/>
      <testcase name="testDateTimeIsInTheFutureWithCurrentDateTime" class="Tests\App\Util\TimeUtilTest" classname="Tests.App.Util.TimeUtilTest" file="/Users/nori/Projects/ntnu/vektor/v1/monolith/tests/AppBundle/Util/TimeUtilTest.php" line="41" assertions="1" time="0.000058"/>
    </testsuite>
    <testsuite name="Tests\App\Sms\GatewayApiTest" file="/Users/nori/Projects/ntnu/vektor/v1/monolith/tests/AppBundle/Sms/GatewayApiTest.php" tests="23" assertions="23" errors="0" warnings="0" failures="0" skipped="0" time="0.014726">
      <testcase name="testValidateEightDigitNumber" class="Tests\App\Sms\GatewayApiTest" classname="Tests.App.Sms.GatewayApiTest" file="/Users/nori/Projects/ntnu/vektor/v1/monolith/tests/AppBundle/Sms/GatewayApiTest.php" line="28" assertions="1" time="0.011187"/>
      <testcase name="testValidateNumberWithSpaces" class="Tests\App\Sms\GatewayApiTest" classname="Tests.App.Sms.GatewayApiTest" file="/Users/nori/Projects/ntnu/vektor/v1/monolith/tests/AppBundle/Sms/GatewayApiTest.php" line="36" assertions="1" time="0.000250"/>
      <testcase name="testValidateNumberWithCountryCode" class="Tests\App\Sms\GatewayApiTest" classname="Tests.App.Sms.GatewayApiTest" file="/Users/nori/Projects/ntnu/vektor/v1/monolith/tests/AppBundle/Sms/GatewayApiTest.php" line="44" assertions="1" time="0.000206"/>
      <testcase name="testValidateNumberWithPlusAndCountryCode" class="Tests\App\Sms\GatewayApiTest" classname="Tests.App.Sms.GatewayApiTest" file="/Users/nori/Projects/ntnu/vektor/v1/monolith/tests/AppBundle/Sms/GatewayApiTest.php" line="52" assertions="1" time="0.000153"/>
      <testcase name="testValidateEmptyString" class="Tests\App\Sms\GatewayApiTest" classname="Tests.App.Sms.GatewayApiTest" file="/Users/nori/Projects/ntnu/vektor/v1/monolith/tests/AppBundle/Sms/GatewayApiTest.php" line="60" assertions="1" time="0.000128"/>
      <testcase name="testValidateNumberTooShort" class="Tests\App\Sms\GatewayApiTest" classname="Tests.App.Sms.GatewayApiTest" file="/Users/nori/Projects/ntnu/vektor/v1/monolith/tests/AppBundle/Sms/GatewayApiTest.php" line="68" assertions="1" time="0.000114"/>
      <testcase name="testValidateNumberTooShortAndStartsWithCountryCode" class="Tests\App\Sms\GatewayApiTest" classname="Tests.App.Sms.GatewayApiTest" file="/Users/nori/Projects/ntnu/vektor/v1/monolith/tests/AppBundle/Sms/GatewayApiTest.php" line="76" assertions="1" time="0.000092"/>
      <testcase name="testValidateNumberTooShortAndStartsWithPlusCountryCode" class="Tests\App\Sms\GatewayApiTest" classname="Tests.App.Sms.GatewayApiTest" file="/Users/nori/Projects/ntnu/vektor/v1/monolith/tests/AppBundle/Sms/GatewayApiTest.php" line="84" assertions="1" time="0.000110"/>
      <testcase name="testValidateNumberTooLong" class="Tests\App\Sms\GatewayApiTest" classname="Tests.App.Sms.GatewayApiTest" file="/Users/nori/Projects/ntnu/vektor/v1/monolith/tests/AppBundle/Sms/GatewayApiTest.php" line="92" assertions="1" time="0.000113"/>
      <testcase name="testValidateNumberTooLongAndStartsWithCountryCode" class="Tests\App\Sms\GatewayApiTest" classname="Tests.App.Sms.GatewayApiTest" file="/Users/nori/Projects/ntnu/vektor/v1/monolith/tests/AppBundle/Sms/GatewayApiTest.php" line="100" assertions="1" time="0.000082"/>
      <testcase name="testValidateNumberTooLongAndStartWithPlus" class="Tests\App\Sms\GatewayApiTest" classname="Tests.App.Sms.GatewayApiTest" file="/Users/nori/Projects/ntnu/vektor/v1/monolith/tests/AppBundle/Sms/GatewayApiTest.php" line="108" assertions="1" time="0.000076"/>
      <testcase name="testFormatNumberEightDigits" class="Tests\App\Sms\GatewayApiTest" classname="Tests.App.Sms.GatewayApiTest" file="/Users/nori/Projects/ntnu/vektor/v1/monolith/tests/AppBundle/Sms/GatewayApiTest.php" line="116" assertions="1" time="0.000094"/>
      <testcase name="testFormatNumberWithSpaces" class="Tests\App\Sms\GatewayApiTest" classname="Tests.App.Sms.GatewayApiTest" file="/Users/nori/Projects/ntnu/vektor/v1/monolith/tests/AppBundle/Sms/GatewayApiTest.php" line="124" assertions="1" time="0.000074"/>
      <testcase name="testFormatNumberAlreadyFormatted" class="Tests\App\Sms\GatewayApiTest" classname="Tests.App.Sms.GatewayApiTest" file="/Users/nori/Projects/ntnu/vektor/v1/monolith/tests/AppBundle/Sms/GatewayApiTest.php" line="132" assertions="1" time="0.000074"/>
      <testcase name="testFormatNumberStartWithPlus" class="Tests\App\Sms\GatewayApiTest" classname="Tests.App.Sms.GatewayApiTest" file="/Users/nori/Projects/ntnu/vektor/v1/monolith/tests/AppBundle/Sms/GatewayApiTest.php" line="140" assertions="1" time="0.000072"/>
      <testcase name="testFormatNumberEmptyString" class="Tests\App\Sms\GatewayApiTest" classname="Tests.App.Sms.GatewayApiTest" file="/Users/nori/Projects/ntnu/vektor/v1/monolith/tests/AppBundle/Sms/GatewayApiTest.php" line="148" assertions="1" time="0.000069"/>
      <testcase name="testFormatNumberTooShort" class="Tests\App\Sms\GatewayApiTest" classname="Tests.App.Sms.GatewayApiTest" file="/Users/nori/Projects/ntnu/vektor/v1/monolith/tests/AppBundle/Sms/GatewayApiTest.php" line="156" assertions="1" time="0.000070"/>
      <testcase name="testFormatNumberTooShortAndStartsWithCountryCode" class="Tests\App\Sms\GatewayApiTest" classname="Tests.App.Sms.GatewayApiTest" file="/Users/nori/Projects/ntnu/vektor/v1/monolith/tests/AppBundle/Sms/GatewayApiTest.php" line="164" assertions="1" time="0.000072"/>
      <testcase name="testFormatNumberTooShortAndStartsWithPlusCountryCode" class="Tests\App\Sms\GatewayApiTest" classname="Tests.App.Sms.GatewayApiTest" file="/Users/nori/Projects/ntnu/vektor/v1/monolith/tests/AppBundle/Sms/GatewayApiTest.php" line="172" assertions="1" time="0.000072"/>
      <testcase name="testFormatNumberTooLong" class="Tests\App\Sms\GatewayApiTest" classname="Tests.App.Sms.GatewayApiTest" file="/Users/nori/Projects/ntnu/vektor/v1/monolith/tests/AppBundle/Sms/GatewayApiTest.php" line="180" assertions="1" time="0.000069"/>
      <testcase name="testFormatNumberTooLongStartWithCountryCode" class="Tests\App\Sms\GatewayApiTest" classname="Tests.App.Sms.GatewayApiTest" file="/Users/nori/Projects/ntnu/vektor/v1/monolith/tests/AppBundle/Sms/GatewayApiTest.php" line="188" assertions="1" time="0.000075"/>
      <testcase name="testFormatNumberTooLongStartWithPlus" class="Tests\App\Sms\GatewayApiTest" classname="Tests.App.Sms.GatewayApiTest" file="/Users/nori/Projects/ntnu/vektor/v1/monolith/tests/AppBundle/Sms/GatewayApiTest.php" line="196" assertions="1" time="0.000072"/>
      <testcase name="testSendWithoutCrashing" class="Tests\App\Sms\GatewayApiTest" classname="Tests.App.Sms.GatewayApiTest" file="/Users/nori/Projects/ntnu/vektor/v1/monolith/tests/AppBundle/Sms/GatewayApiTest.php" line="204" assertions="1" time="0.001401"/>
    </testsuite>
    <testsuite name="Tests\App\Service\SorterTest" file="/Users/nori/Projects/ntnu/vektor/v1/monolith/tests/AppBundle/Service/SorterTest.php" tests="4" assertions="16" errors="0" warnings="0" failures="0" skipped="0" time="0.01122">
      <testcase name="testSortReceiptsBySubmitTime" class="Tests\App\Service\SorterTest" classname="Tests.App.Service.SorterTest" file="/Users/nori/Projects/ntnu/vektor/v1/monolith/tests/AppBundle/Service/SorterTest.php" line="69" assertions="4" time="0.006451"/>
      <testcase name="testSortReceiptsByStatus" class="Tests\App\Service\SorterTest" classname="Tests.App.Service.SorterTest" file="/Users/nori/Projects/ntnu/vektor/v1/monolith/tests/AppBundle/Service/SorterTest.php" line="78" assertions="4" time="0.001282"/>
      <testcase name="testSortUsersByReceiptSubmitTime" class="Tests\App\Service\SorterTest" classname="Tests.App.Service.SorterTest" file="/Users/nori/Projects/ntnu/vektor/v1/monolith/tests/AppBundle/Service/SorterTest.php" line="88" assertions="4" time="0.002179"/>
      <testcase name="testSortUsersByReceiptStatus" class="Tests\App\Service\SorterTest" classname="Tests.App.Service.SorterTest" file="/Users/nori/Projects/ntnu/vektor/v1/monolith/tests/AppBundle/Service/SorterTest.php" line="101" assertions="4" time="0.001309"/>
    </testsuite>
    <testsuite name="Tests\App\Service\CompanyEmailMakerTest" file="/Users/nori/Projects/ntnu/vektor/v1/monolith/tests/AppBundle/Service/CompanyEmailMakerTest.php" tests="5" assertions="5" errors="0" warnings="0" failures="0" skipped="0" time="0.076239">
      <testcase name="testFirstNameAsEmail" class="Tests\App\Service\CompanyEmailMakerTest" classname="Tests.App.Service.CompanyEmailMakerTest" file="/Users/nori/Projects/ntnu/vektor/v1/monolith/tests/AppBundle/Service/CompanyEmailMakerTest.php" line="24" assertions="1" time="0.047593"/>
      <testcase name="testFullNameAsEmail" class="Tests\App\Service\CompanyEmailMakerTest" classname="Tests.App.Service.CompanyEmailMakerTest" file="/Users/nori/Projects/ntnu/vektor/v1/monolith/tests/AppBundle/Service/CompanyEmailMakerTest.php" line="34" assertions="1" time="0.006851"/>
      <testcase name="testFullNameAlreadyInUse" class="Tests\App\Service\CompanyEmailMakerTest" classname="Tests.App.Service.CompanyEmailMakerTest" file="/Users/nori/Projects/ntnu/vektor/v1/monolith/tests/AppBundle/Service/CompanyEmailMakerTest.php" line="45" assertions="1" time="0.006757"/>
      <testcase name="testNorwegianCharacters" class="Tests\App\Service\CompanyEmailMakerTest" classname="Tests.App.Service.CompanyEmailMakerTest" file="/Users/nori/Projects/ntnu/vektor/v1/monolith/tests/AppBundle/Service/CompanyEmailMakerTest.php" line="57" assertions="1" time="0.007719"/>
      <testcase name="testAccentCharacters" class="Tests\App\Service\CompanyEmailMakerTest" classname="Tests.App.Service.CompanyEmailMakerTest" file="/Users/nori/Projects/ntnu/vektor/v1/monolith/tests/AppBundle/Service/CompanyEmailMakerTest.php" line="68" assertions="1" time="0.007319"/>
    </testsuite>
    <testsuite name="Tests\App\Service\SlugMakerTest" file="/Users/nori/Projects/ntnu/vektor/v1/monolith/tests/AppBundle/Service/SlugMakerTest.php" tests="3" assertions="3" errors="0" warnings="0" failures="0" skipped="0" time="0.042297">
      <testcase name="testTitleAsSlug" class="Tests\App\Service\SlugMakerTest" classname="Tests.App.Service.SlugMakerTest" file="/Users/nori/Projects/ntnu/vektor/v1/monolith/tests/AppBundle/Service/SlugMakerTest.php" line="24" assertions="1" time="0.027447"/>
      <testcase name="testSlugAlreadyInUse" class="Tests\App\Service\SlugMakerTest" classname="Tests.App.Service.SlugMakerTest" file="/Users/nori/Projects/ntnu/vektor/v1/monolith/tests/AppBundle/Service/SlugMakerTest.php" line="34" assertions="1" time="0.007499"/>
      <testcase name="testSpecialCharacters" class="Tests\App\Service\SlugMakerTest" classname="Tests.App.Service.SlugMakerTest" file="/Users/nori/Projects/ntnu/vektor/v1/monolith/tests/AppBundle/Service/SlugMakerTest.php" line="43" assertions="1" time="0.007351"/>
    </testsuite>
    <testsuite name="Tests\App\Service\RoleManagerTest" file="/Users/nori/Projects/ntnu/vektor/v1/monolith/tests/AppBundle/Service/RoleManagerTest.php" tests="2" assertions="28" errors="0" warnings="0" failures="0" skipped="0" time="0.156036">
      <testcase name="testUserRolesBeforeExecution" class="Tests\App\Service\RoleManagerTest" classname="Tests.App.Service.RoleManagerTest" file="/Users/nori/Projects/ntnu/vektor/v1/monolith/tests/AppBundle/Service/RoleManagerTest.php" line="61" assertions="14" time="0.047165"/>
      <testcase name="testUpdateRole" class="Tests\App\Service\RoleManagerTest" classname="Tests.App.Service.RoleManagerTest" file="/Users/nori/Projects/ntnu/vektor/v1/monolith/tests/AppBundle/Service/RoleManagerTest.php" line="68" assertions="14" time="0.108871"/>
    </testsuite>
    <testsuite name="Tests\App\Type\CreatePositionTest" file="/Users/nori/Projects/ntnu/vektor/v1/monolith/tests/AppBundle/Type/CreatePositionTest.php" tests="3" assertions="8" errors="0" warnings="0" failures="0" skipped="0" time="0.076856">
      <testsuite name="Tests\App\Type\CreatePositionTest::testForm" tests="3" assertions="8" errors="0" warnings="0" failures="0" skipped="0" time="0.076856">
        <testcase name="testForm with data set #0" class="Tests\App\Type\CreatePositionTest" classname="Tests.App.Type.CreatePositionTest" file="/Users/nori/Projects/ntnu/vektor/v1/monolith/tests/AppBundle/Type/CreatePositionTest.php" line="14" assertions="3" time="0.074939"/>
        <testcase name="testForm with data set #1" class="Tests\App\Type\CreatePositionTest" classname="Tests.App.Type.CreatePositionTest" file="/Users/nori/Projects/ntnu/vektor/v1/monolith/tests/AppBundle/Type/CreatePositionTest.php" line="14" assertions="2" time="0.000882"/>
        <testcase name="testForm with data set #2" class="Tests\App\Type\CreatePositionTest" classname="Tests.App.Type.CreatePositionTest" file="/Users/nori/Projects/ntnu/vektor/v1/monolith/tests/AppBundle/Type/CreatePositionTest.php" line="14" assertions="3" time="0.001035"/>
      </testsuite>
    </testsuite>
    <testsuite name="Tests\App\Type\CreateDepartmentTest" file="/Users/nori/Projects/ntnu/vektor/v1/monolith/tests/AppBundle/Type/CreateDepartmentTest.php" tests="3" assertions="17" errors="0" warnings="0" failures="0" skipped="0" time="0.081318">
      <testsuite name="Tests\App\Type\CreateDepartmentTest::testForm" tests="3" assertions="17" errors="0" warnings="0" failures="0" skipped="0" time="0.081318">
        <testcase name="testForm with data set #0" class="Tests\App\Type\CreateDepartmentTest" classname="Tests.App.Type.CreateDepartmentTest" file="/Users/nori/Projects/ntnu/vektor/v1/monolith/tests/AppBundle/Type/CreateDepartmentTest.php" line="14" assertions="7" time="0.074818"/>
        <testcase name="testForm with data set #1" class="Tests\App\Type\CreateDepartmentTest" classname="Tests.App.Type.CreateDepartmentTest" file="/Users/nori/Projects/ntnu/vektor/v1/monolith/tests/AppBundle/Type/CreateDepartmentTest.php" line="14" assertions="3" time="0.003939"/>
        <testcase name="testForm with data set #2" class="Tests\App\Type\CreateDepartmentTest" classname="Tests.App.Type.CreateDepartmentTest" file="/Users/nori/Projects/ntnu/vektor/v1/monolith/tests/AppBundle/Type/CreateDepartmentTest.php" line="14" assertions="7" time="0.002561"/>
      </testsuite>
    </testsuite>
    <testsuite name="Tests\App\Type\CreateSchoolTest" file="/Users/nori/Projects/ntnu/vektor/v1/monolith/tests/AppBundle/Type/CreateSchoolTest.php" tests="3" assertions="17" errors="0" warnings="0" failures="0" skipped="0" time="0.039519">
      <testsuite name="Tests\App\Type\CreateSchoolTest::testForm" tests="3" assertions="17" errors="0" warnings="0" failures="0" skipped="0" time="0.039519">
        <testcase name="testForm with data set #0" class="Tests\App\Type\CreateSchoolTest" classname="Tests.App.Type.CreateSchoolTest" file="/Users/nori/Projects/ntnu/vektor/v1/monolith/tests/AppBundle/Type/CreateSchoolTest.php" line="14" assertions="7" time="0.035518"/>
        <testcase name="testForm with data set #1" class="Tests\App\Type\CreateSchoolTest" classname="Tests.App.Type.CreateSchoolTest" file="/Users/nori/Projects/ntnu/vektor/v1/monolith/tests/AppBundle/Type/CreateSchoolTest.php" line="14" assertions="3" time="0.001957"/>
        <testcase name="testForm with data set #2" class="Tests\App\Type\CreateSchoolTest" classname="Tests.App.Type.CreateSchoolTest" file="/Users/nori/Projects/ntnu/vektor/v1/monolith/tests/AppBundle/Type/CreateSchoolTest.php" line="14" assertions="7" time="0.002044"/>
      </testsuite>
    </testsuite>
    <testsuite name="Tests\App\Controller\AboutVektorControllerTest" file="/Users/nori/Projects/ntnu/vektor/v1/monolith/tests/AppBundle/Controller/AboutVektorControllerTest.php" tests="1" assertions="3" errors="0" warnings="0" failures="0" skipped="0" time="0.262758">
      <testcase name="testShow" class="Tests\App\Controller\AboutVektorControllerTest" classname="Tests.App.Controller.AboutVektorControllerTest" file="/Users/nori/Projects/ntnu/vektor/v1/monolith/tests/AppBundle/Controller/AboutVektorControllerTest.php" line="9" assertions="3" time="0.262758"/>
    </testsuite>
    <testsuite name="Tests\App\Service\AccessControlTest" file="/Users/nori/Projects/ntnu/vektor/v1/monolith/tests/AppBundle/Service/AccessControlTest.php" tests="17" assertions="60" errors="0" warnings="0" failures="0" skipped="0" time="0.731574">
      <testcase name="testHasAccessWhenRuleDoesNotExist" class="Tests\App\Service\AccessControlTest" classname="Tests.App.Service.AccessControlTest" file="/Users/nori/Projects/ntnu/vektor/v1/monolith/tests/AppBundle/Service/AccessControlTest.php" line="60" assertions="1" time="0.047241"/>
      <testcase name="testCreateEmptyRule" class="Tests\App\Service\AccessControlTest" classname="Tests.App.Service.AccessControlTest" file="/Users/nori/Projects/ntnu/vektor/v1/monolith/tests/AppBundle/Service/AccessControlTest.php" line="65" assertions="4" time="0.039514"/>
      <testcase name="testCreateRuleForUser" class="Tests\App\Service\AccessControlTest" classname="Tests.App.Service.AccessControlTest" file="/Users/nori/Projects/ntnu/vektor/v1/monolith/tests/AppBundle/Service/AccessControlTest.php" line="79" assertions="4" time="0.039653"/>
      <testcase name="testCreateRuleForTeam" class="Tests\App\Service\AccessControlTest" classname="Tests.App.Service.AccessControlTest" file="/Users/nori/Projects/ntnu/vektor/v1/monolith/tests/AppBundle/Service/AccessControlTest.php" line="94" assertions="4" time="0.046864"/>
      <testcase name="testCreateRuleForRole" class="Tests\App\Service\AccessControlTest" classname="Tests.App.Service.AccessControlTest" file="/Users/nori/Projects/ntnu/vektor/v1/monolith/tests/AppBundle/Service/AccessControlTest.php" line="111" assertions="4" time="0.034842"/>
      <testcase name="testCreateRuleForExecutiveBoard" class="Tests\App\Service\AccessControlTest" classname="Tests.App.Service.AccessControlTest" file="/Users/nori/Projects/ntnu/vektor/v1/monolith/tests/AppBundle/Service/AccessControlTest.php" line="126" assertions="4" time="0.052736"/>
      <testcase name="testOldTeamMemberDoesNotHaveAccess" class="Tests\App\Service\AccessControlTest" classname="Tests.App.Service.AccessControlTest" file="/Users/nori/Projects/ntnu/vektor/v1/monolith/tests/AppBundle/Service/AccessControlTest.php" line="141" assertions="4" time="0.048107"/>
      <testcase name="testOldExecutiveTeamMemberDoesNotHaveAccess" class="Tests\App\Service\AccessControlTest" classname="Tests.App.Service.AccessControlTest" file="/Users/nori/Projects/ntnu/vektor/v1/monolith/tests/AppBundle/Service/AccessControlTest.php" line="156" assertions="4" time="0.042264"/>
      <testcase name="testInactiveUserDoesNotHaveAccess" class="Tests\App\Service\AccessControlTest" classname="Tests.App.Service.AccessControlTest" file="/Users/nori/Projects/ntnu/vektor/v1/monolith/tests/AppBundle/Service/AccessControlTest.php" line="171" assertions="4" time="0.033376"/>
      <testcase name="testAdminAlwaysHasAccess" class="Tests\App\Service\AccessControlTest" classname="Tests.App.Service.AccessControlTest" file="/Users/nori/Projects/ntnu/vektor/v1/monolith/tests/AppBundle/Service/AccessControlTest.php" line="186" assertions="4" time="0.041324"/>
      <testcase name="testAllConditionsInRuleHaveToPass" class="Tests\App\Service\AccessControlTest" classname="Tests.App.Service.AccessControlTest" file="/Users/nori/Projects/ntnu/vektor/v1/monolith/tests/AppBundle/Service/AccessControlTest.php" line="201" assertions="4" time="0.040685"/>
      <testcase name="testOnlyOneOfAllRulesNeedsToPass" class="Tests\App\Service\AccessControlTest" classname="Tests.App.Service.AccessControlTest" file="/Users/nori/Projects/ntnu/vektor/v1/monolith/tests/AppBundle/Service/AccessControlTest.php" line="218" assertions="4" time="0.042741"/>
      <testcase name="testAccessToMultipleRules" class="Tests\App\Service\AccessControlTest" classname="Tests.App.Service.AccessControlTest" file="/Users/nori/Projects/ntnu/vektor/v1/monolith/tests/AppBundle/Service/AccessControlTest.php" line="241" assertions="4" time="0.064562"/>
      <testcase name="testAccessToMethod" class="Tests\App\Service\AccessControlTest" classname="Tests.App.Service.AccessControlTest" file="/Users/nori/Projects/ntnu/vektor/v1/monolith/tests/AppBundle/Service/AccessControlTest.php" line="265" assertions="6" time="0.061747"/>
      <testcase name="testUnhandledRuleNotificationIsCreatedIfRuleDoesNotExist" class="Tests\App\Service\AccessControlTest" classname="Tests.App.Service.AccessControlTest" file="/Users/nori/Projects/ntnu/vektor/v1/monolith/tests/AppBundle/Service/AccessControlTest.php" line="291" assertions="2" time="0.030939"/>
      <testcase name="testUnhandledRuleNotificationIsNotCreatedIfRuleDoesExist" class="Tests\App\Service\AccessControlTest" classname="Tests.App.Service.AccessControlTest" file="/Users/nori/Projects/ntnu/vektor/v1/monolith/tests/AppBundle/Service/AccessControlTest.php" line="302" assertions="1" time="0.030278"/>
      <testcase name="testUnhandledRuleNotificationIsRemovedWhenRuleIsCreated" class="Tests\App\Service\AccessControlTest" classname="Tests.App.Service.AccessControlTest" file="/Users/nori/Projects/ntnu/vektor/v1/monolith/tests/AppBundle/Service/AccessControlTest.php" line="316" assertions="2" time="0.034701"/>
    </testsuite>
    <testsuite name="Tests\App\Controller\ArticleAdminControllerTest" file="/Users/nori/Projects/ntnu/vektor/v1/monolith/tests/AppBundle/Controller/ArticleAdminControllerTest.php" tests="2" assertions="10" errors="0" warnings="0" failures="0" skipped="0" time="1.165284">
      <testcase name="testTeamMemberShow" class="Tests\App\Controller\ArticleAdminControllerTest" classname="Tests.App.Controller.ArticleAdminControllerTest" file="/Users/nori/Projects/ntnu/vektor/v1/monolith/tests/AppBundle/Controller/ArticleAdminControllerTest.php" line="9" assertions="4" time="0.653673"/>
      <testcase name="testTeamLeaderShow" class="Tests\App\Controller\ArticleAdminControllerTest" classname="Tests.App.Controller.ArticleAdminControllerTest" file="/Users/nori/Projects/ntnu/vektor/v1/monolith/tests/AppBundle/Controller/ArticleAdminControllerTest.php" line="25" assertions="6" time="0.511611"/>
    </testsuite>
    <testsuite name="Tests\App\Controller\ArticleControllerTest" file="/Users/nori/Projects/ntnu/vektor/v1/monolith/tests/AppBundle/Controller/ArticleControllerTest.php" tests="3" assertions="10" errors="0" warnings="0" failures="0" skipped="0" time="0.290127">
      <testcase name="testShow" class="Tests\App\Controller\ArticleControllerTest" classname="Tests.App.Controller.ArticleControllerTest" file="/Users/nori/Projects/ntnu/vektor/v1/monolith/tests/AppBundle/Controller/ArticleControllerTest.php" line="9" assertions="3" time="0.106865"/>
      <testcase name="testShowFilter" class="Tests\App\Controller\ArticleControllerTest" classname="Tests.App.Controller.ArticleControllerTest" file="/Users/nori/Projects/ntnu/vektor/v1/monolith/tests/AppBundle/Controller/ArticleControllerTest.php" line="23" assertions="3" time="0.090112"/>
      <testcase name="testShowSpecific" class="Tests\App\Controller\ArticleControllerTest" classname="Tests.App.Controller.ArticleControllerTest" file="/Users/nori/Projects/ntnu/vektor/v1/monolith/tests/AppBundle/Controller/ArticleControllerTest.php" line="37" assertions="4" time="0.093150"/>
    </testsuite>
    <testsuite name="Tests\App\Controller\AssistantControllerTest" file="/Users/nori/Projects/ntnu/vektor/v1/monolith/tests/AppBundle/Controller/AssistantControllerTest.php" tests="3" assertions="17" errors="0" warnings="0" failures="0" skipped="0" time="4.353434">
      <testcase name="testCreateApplication" class="Tests\App\Controller\AssistantControllerTest" classname="Tests.App.Controller.AssistantControllerTest" file="/Users/nori/Projects/ntnu/vektor/v1/monolith/tests/AppBundle/Controller/AssistantControllerTest.php" line="9" assertions="4" time="1.194653"/>
      <testcase name="testSameEmailCanOnlyBeUsedOnceInASemester" class="Tests\App\Controller\AssistantControllerTest" classname="Tests.App.Controller.AssistantControllerTest" file="/Users/nori/Projects/ntnu/vektor/v1/monolith/tests/AppBundle/Controller/AssistantControllerTest.php" line="22" assertions="5" time="1.278150"/>
      <testcase name="testSameEmailCanBeUsedInMultipleDepartments" class="Tests\App\Controller\AssistantControllerTest" classname="Tests.App.Controller.AssistantControllerTest" file="/Users/nori/Projects/ntnu/vektor/v1/monolith/tests/AppBundle/Controller/AssistantControllerTest.php" line="36" assertions="8" time="1.880631"/>
    </testsuite>
    <testsuite name="Tests\App\Controller\BoardAndTeamControllerTest" file="/Users/nori/Projects/ntnu/vektor/v1/monolith/tests/AppBundle/Controller/BoardAndTeamControllerTest.php" tests="2" assertions="8" errors="0" warnings="0" failures="0" skipped="0" time="1.128523">
      <testcase name="testShow" class="Tests\App\Controller\BoardAndTeamControllerTest" classname="Tests.App.Controller.BoardAndTeamControllerTest" file="/Users/nori/Projects/ntnu/vektor/v1/monolith/tests/AppBundle/Controller/BoardAndTeamControllerTest.php" line="9" assertions="4" time="0.134083"/>
      <testcase name="testHideTeam" class="Tests\App\Controller\BoardAndTeamControllerTest" classname="Tests.App.Controller.BoardAndTeamControllerTest" file="/Users/nori/Projects/ntnu/vektor/v1/monolith/tests/AppBundle/Controller/BoardAndTeamControllerTest.php" line="20" assertions="4" time="0.994440"/>
    </testsuite>
    <testsuite name="Tests\App\Controller\AccessRuleControllerTest" file="/Users/nori/Projects/ntnu/vektor/v1/monolith/tests/AppBundle/Controller/AccessRuleControllerTest.php" tests="4" assertions="27" errors="0" warnings="0" failures="0" skipped="0" time="8.613838">
      <testcase name="testCreateCustomAccessRule" class="Tests\App\Controller\AccessRuleControllerTest" classname="Tests.App.Controller.AccessRuleControllerTest" file="/Users/nori/Projects/ntnu/vektor/v1/monolith/tests/AppBundle/Controller/AccessRuleControllerTest.php" line="16" assertions="5" time="2.462548"/>
      <testcase name="testCreateRoutingAccessRule" class="Tests\App\Controller\AccessRuleControllerTest" classname="Tests.App.Controller.AccessRuleControllerTest" file="/Users/nori/Projects/ntnu/vektor/v1/monolith/tests/AppBundle/Controller/AccessRuleControllerTest.php" line="31" assertions="11" time="2.534562"/>
      <testcase name="testUnhandledRulesAreCreated" class="Tests\App\Controller\AccessRuleControllerTest" classname="Tests.App.Controller.AccessRuleControllerTest" file="/Users/nori/Projects/ntnu/vektor/v1/monolith/tests/AppBundle/Controller/AccessRuleControllerTest.php" line="65" assertions="5" time="1.616522"/>
      <testcase name="testUnhandledRulesAreDeletedWhenRuleIsCreated" class="Tests\App\Controller\AccessRuleControllerTest" classname="Tests.App.Controller.AccessRuleControllerTest" file="/Users/nori/Projects/ntnu/vektor/v1/monolith/tests/AppBundle/Controller/AccessRuleControllerTest.php" line="77" assertions="6" time="2.000206"/>
    </testsuite>
    <testsuite name="Tests\App\Controller\ChangeLogControllerTest" file="/Users/nori/Projects/ntnu/vektor/v1/monolith/tests/AppBundle/Controller/ChangeLogControllerTest.php" tests="4" assertions="8" errors="0" warnings="0" failures="0" skipped="0" time="3.756939">
      <testcase name="testCreate" class="Tests\App\Controller\ChangeLogControllerTest" classname="Tests.App.Controller.ChangeLogControllerTest" file="/Users/nori/Projects/ntnu/vektor/v1/monolith/tests/AppBundle/Controller/ChangeLogControllerTest.php" line="10" assertions="1" time="1.145615"/>
      <testcase name="testEdit" class="Tests\App\Controller\ChangeLogControllerTest" classname="Tests.App.Controller.ChangeLogControllerTest" file="/Users/nori/Projects/ntnu/vektor/v1/monolith/tests/AppBundle/Controller/ChangeLogControllerTest.php" line="32" assertions="3" time="1.395988"/>
      <testcase name="testDelete" class="Tests\App\Controller\ChangeLogControllerTest" classname="Tests.App.Controller.ChangeLogControllerTest" file="/Users/nori/Projects/ntnu/vektor/v1/monolith/tests/AppBundle/Controller/ChangeLogControllerTest.php" line="56" assertions="2" time="0.764918"/>
      <testcase name="testShow" class="Tests\App\Controller\ChangeLogControllerTest" classname="Tests.App.Controller.ChangeLogControllerTest" file="/Users/nori/Projects/ntnu/vektor/v1/monolith/tests/AppBundle/Controller/ChangeLogControllerTest.php" line="65" assertions="2" time="0.450417"/>
    </testsuite>
    <testsuite name="Tests\App\Controller\DepartmentControllerTest" file="/Users/nori/Projects/ntnu/vektor/v1/monolith/tests/AppBundle/Controller/DepartmentControllerTest.php" tests="4" assertions="22" errors="0" warnings="0" failures="0" skipped="0" time="4.445944">
      <testcase name="testShow" class="Tests\App\Controller\DepartmentControllerTest" classname="Tests.App.Controller.DepartmentControllerTest" file="/Users/nori/Projects/ntnu/vektor/v1/monolith/tests/AppBundle/Controller/DepartmentControllerTest.php" line="9" assertions="5" time="0.466422"/>
      <testcase name="testCreateDepartment" class="Tests\App\Controller\DepartmentControllerTest" classname="Tests.App.Controller.DepartmentControllerTest" file="/Users/nori/Projects/ntnu/vektor/v1/monolith/tests/AppBundle/Controller/DepartmentControllerTest.php" line="20" assertions="5" time="1.426892"/>
      <testcase name="testCreateDepartmentWithNonUniqueName" class="Tests\App\Controller\DepartmentControllerTest" classname="Tests.App.Controller.DepartmentControllerTest" file="/Users/nori/Projects/ntnu/vektor/v1/monolith/tests/AppBundle/Controller/DepartmentControllerTest.php" line="55" assertions="2" time="1.148754"/>
      <testcase name="testUpdateDepartment" class="Tests\App\Controller\DepartmentControllerTest" classname="Tests.App.Controller.DepartmentControllerTest" file="/Users/nori/Projects/ntnu/vektor/v1/monolith/tests/AppBundle/Controller/DepartmentControllerTest.php" line="82" assertions="10" time="1.403876"/>
    </testsuite>
    <testsuite name="Tests\App\Controller\ExistingUserAdmissionControllerTest" file="/Users/nori/Projects/ntnu/vektor/v1/monolith/tests/AppBundle/Controller/ExistingUserAdmissionControllerTest.php" tests="2" assertions="6" errors="0" warnings="0" failures="0" skipped="0" time="1.914322">
      <testcase name="testCreateWithPreferredSchool" class="Tests\App\Controller\ExistingUserAdmissionControllerTest" classname="Tests.App.Controller.ExistingUserAdmissionControllerTest" file="/Users/nori/Projects/ntnu/vektor/v1/monolith/tests/AppBundle/Controller/ExistingUserAdmissionControllerTest.php" line="9" assertions="4" time="1.559237"/>
      <testcase name="testDeniedIfNotHasBeenAssistant" class="Tests\App\Controller\ExistingUserAdmissionControllerTest" classname="Tests.App.Controller.ExistingUserAdmissionControllerTest" file="/Users/nori/Projects/ntnu/vektor/v1/monolith/tests/AppBundle/Controller/ExistingUserAdmissionControllerTest.php" line="47" assertions="2" time="0.355085"/>
    </testsuite>
    <testsuite name="Tests\App\Controller\AdmissionAdminControllerTest" file="/Users/nori/Projects/ntnu/vektor/v1/monolith/tests/AppBundle/Controller/AdmissionAdminControllerTest.php" tests="13" assertions="89" errors="0" warnings="0" failures="0" skipped="0" time="15.11463">
      <testcase name="testShowAsTeamMember" class="Tests\App\Controller\AdmissionAdminControllerTest" classname="Tests.App.Controller.AdmissionAdminControllerTest" file="/Users/nori/Projects/ntnu/vektor/v1/monolith/tests/AppBundle/Controller/AdmissionAdminControllerTest.php" line="11" assertions="6" time="0.602988"/>
      <testcase name="testShowAsTeamLeader" class="Tests\App\Controller\AdmissionAdminControllerTest" classname="Tests.App.Controller.AdmissionAdminControllerTest" file="/Users/nori/Projects/ntnu/vektor/v1/monolith/tests/AppBundle/Controller/AdmissionAdminControllerTest.php" line="22" assertions="6" time="0.509551"/>
      <testcase name="testShowAsAdmin" class="Tests\App\Controller\AdmissionAdminControllerTest" classname="Tests.App.Controller.AdmissionAdminControllerTest" file="/Users/nori/Projects/ntnu/vektor/v1/monolith/tests/AppBundle/Controller/AdmissionAdminControllerTest.php" line="33" assertions="6" time="0.543985"/>
      <testcase name="testAssignedAsTeamMember" class="Tests\App\Controller\AdmissionAdminControllerTest" classname="Tests.App.Controller.AdmissionAdminControllerTest" file="/Users/nori/Projects/ntnu/vektor/v1/monolith/tests/AppBundle/Controller/AdmissionAdminControllerTest.php" line="44" assertions="4" time="0.761547"/>
      <testcase name="testAssignedAsTeamLeader" class="Tests\App\Controller\AdmissionAdminControllerTest" classname="Tests.App.Controller.AdmissionAdminControllerTest" file="/Users/nori/Projects/ntnu/vektor/v1/monolith/tests/AppBundle/Controller/AdmissionAdminControllerTest.php" line="53" assertions="6" time="0.789107"/>
      <testcase name="testAssignedAsAdmin" class="Tests\App\Controller\AdmissionAdminControllerTest" classname="Tests.App.Controller.AdmissionAdminControllerTest" file="/Users/nori/Projects/ntnu/vektor/v1/monolith/tests/AppBundle/Controller/AdmissionAdminControllerTest.php" line="62" assertions="6" time="0.823195"/>
      <testcase name="testInterviewedAsTeamMember" class="Tests\App\Controller\AdmissionAdminControllerTest" classname="Tests.App.Controller.AdmissionAdminControllerTest" file="/Users/nori/Projects/ntnu/vektor/v1/monolith/tests/AppBundle/Controller/AdmissionAdminControllerTest.php" line="71" assertions="3" time="0.883662"/>
      <testcase name="testInterviewedAsTeamLeader" class="Tests\App\Controller\AdmissionAdminControllerTest" classname="Tests.App.Controller.AdmissionAdminControllerTest" file="/Users/nori/Projects/ntnu/vektor/v1/monolith/tests/AppBundle/Controller/AdmissionAdminControllerTest.php" line="79" assertions="4" time="0.933828"/>
      <testcase name="testInterviewedAsAdmin" class="Tests\App\Controller\AdmissionAdminControllerTest" classname="Tests.App.Controller.AdmissionAdminControllerTest" file="/Users/nori/Projects/ntnu/vektor/v1/monolith/tests/AppBundle/Controller/AdmissionAdminControllerTest.php" line="87" assertions="4" time="1.006752"/>
      <testcase name="testCancelInterview" class="Tests\App\Controller\AdmissionAdminControllerTest" classname="Tests.App.Controller.AdmissionAdminControllerTest" file="/Users/nori/Projects/ntnu/vektor/v1/monolith/tests/AppBundle/Controller/AdmissionAdminControllerTest.php" line="95" assertions="3" time="1.126508"/>
      <testcase name="testAcceptInterview" class="Tests\App\Controller\AdmissionAdminControllerTest" classname="Tests.App.Controller.AdmissionAdminControllerTest" file="/Users/nori/Projects/ntnu/vektor/v1/monolith/tests/AppBundle/Controller/AdmissionAdminControllerTest.php" line="109" assertions="12" time="2.375520"/>
      <testcase name="testNewTimeInterview" class="Tests\App\Controller\AdmissionAdminControllerTest" classname="Tests.App.Controller.AdmissionAdminControllerTest" file="/Users/nori/Projects/ntnu/vektor/v1/monolith/tests/AppBundle/Controller/AdmissionAdminControllerTest.php" line="115" assertions="14" time="2.437303"/>
      <testcase name="testUserCancelInterview" class="Tests\App\Controller\AdmissionAdminControllerTest" classname="Tests.App.Controller.AdmissionAdminControllerTest" file="/Users/nori/Projects/ntnu/vektor/v1/monolith/tests/AppBundle/Controller/AdmissionAdminControllerTest.php" line="120" assertions="15" time="2.320686"/>
    </testsuite>
    <testsuite name="Tests\App\Controller\HomeControllerTest" file="/Users/nori/Projects/ntnu/vektor/v1/monolith/tests/AppBundle/Controller/HomeControllerTest.php" tests="1" assertions="3" errors="0" warnings="0" failures="0" skipped="0" time="0.181094">
      <testcase name="testShow" class="Tests\App\Controller\HomeControllerTest" classname="Tests.App.Controller.HomeControllerTest" file="/Users/nori/Projects/ntnu/vektor/v1/monolith/tests/AppBundle/Controller/HomeControllerTest.php" line="9" assertions="3" time="0.181094"/>
    </testsuite>
    <testsuite name="Tests\App\Controller\InfoMeetingControllerTest" file="/Users/nori/Projects/ntnu/vektor/v1/monolith/tests/AppBundle/Controller/InfoMeetingControllerTest.php" tests="1" assertions="5" errors="0" warnings="0" failures="0" skipped="0" time="0.987287">
      <testcase name="testCreateMeeting" class="Tests\App\Controller\InfoMeetingControllerTest" classname="Tests.App.Controller.InfoMeetingControllerTest" file="/Users/nori/Projects/ntnu/vektor/v1/monolith/tests/AppBundle/Controller/InfoMeetingControllerTest.php" line="10" assertions="5" time="0.987287"/>
    </testsuite>
    <testsuite name="Tests\App\Controller\ExecutiveBoardControllerTest" file="/Users/nori/Projects/ntnu/vektor/v1/monolith/tests/AppBundle/Controller/ExecutiveBoardControllerTest.php" tests="6" assertions="21" errors="0" warnings="0" failures="0" skipped="0" time="5.361024">
      <testcase name="testUpdateExecutiveBoard" class="Tests\App\Controller\ExecutiveBoardControllerTest" classname="Tests.App.Controller.ExecutiveBoardControllerTest" file="/Users/nori/Projects/ntnu/vektor/v1/monolith/tests/AppBundle/Controller/ExecutiveBoardControllerTest.php" line="9" assertions="3" time="1.120457"/>
      <testcase name="testAddUserToBoard" class="Tests\App\Controller\ExecutiveBoardControllerTest" classname="Tests.App.Controller.ExecutiveBoardControllerTest" file="/Users/nori/Projects/ntnu/vektor/v1/monolith/tests/AppBundle/Controller/ExecutiveBoardControllerTest.php" line="31" assertions="7" time="1.422201"/>
      <testcase name="testEditBoardMembership" class="Tests\App\Controller\ExecutiveBoardControllerTest" classname="Tests.App.Controller.ExecutiveBoardControllerTest" file="/Users/nori/Projects/ntnu/vektor/v1/monolith/tests/AppBundle/Controller/ExecutiveBoardControllerTest.php" line="67" assertions="4" time="1.097422"/>
[...]
        <testcase name="testTeamLeaderPageIsSuccessful with data set #13" class="Tests\App\Availability\AvailabilityFunctionalTest" classname="Tests.App.Availability.AvailabilityFunctionalTest" file="/Users/nori/Projects/ntnu/vektor/v1/monolith/tests/AppBundle/Availability/AvailabilityFunctionalTest.php" line="81" assertions="1" time="0.525849"/>
        <testcase name="testTeamLeaderPageIsSuccessful with data set #14" class="Tests\App\Availability\AvailabilityFunctionalTest" classname="Tests.App.Availability.AvailabilityFunctionalTest" file="/Users/nori/Projects/ntnu/vektor/v1/monolith/tests/AppBundle/Availability/AvailabilityFunctionalTest.php" line="81" assertions="1" time="0.380273"/>
        <testcase name="testTeamLeaderPageIsSuccessful with data set #15" class="Tests\App\Availability\AvailabilityFunctionalTest" classname="Tests.App.Availability.AvailabilityFunctionalTest" file="/Users/nori/Projects/ntnu/vektor/v1/monolith/tests/AppBundle/Availability/AvailabilityFunctionalTest.php" line="81" assertions="1" time="0.388551"/>
        <testcase name="testTeamLeaderPageIsSuccessful with data set #16" class="Tests\App\Availability\AvailabilityFunctionalTest" classname="Tests.App.Availability.AvailabilityFunctionalTest" file="/Users/nori/Projects/ntnu/vektor/v1/monolith/tests/AppBundle/Availability/AvailabilityFunctionalTest.php" line="81" assertions="1" time="0.395819"/>
        <testcase name="testTeamLeaderPageIsSuccessful with data set #17" class="Tests\App\Availability\AvailabilityFunctionalTest" classname="Tests.App.Availability.AvailabilityFunctionalTest" file="/Users/nori/Projects/ntnu/vektor/v1/monolith/tests/AppBundle/Availability/AvailabilityFunctionalTest.php" line="81" assertions="1" time="0.387918"/>
        <testcase name="testTeamLeaderPageIsSuccessful with data set #18" class="Tests\App\Availability\AvailabilityFunctionalTest" classname="Tests.App.Availability.AvailabilityFunctionalTest" file="/Users/nori/Projects/ntnu/vektor/v1/monolith/tests/AppBundle/Availability/AvailabilityFunctionalTest.php" line="81" assertions="1" time="0.385397"/>
        <testcase name="testTeamLeaderPageIsSuccessful with data set #19" class="Tests\App\Availability\AvailabilityFunctionalTest" classname="Tests.App.Availability.AvailabilityFunctionalTest" file="/Users/nori/Projects/ntnu/vektor/v1/monolith/tests/AppBundle/Availability/AvailabilityFunctionalTest.php" line="81" assertions="1" time="0.400113"/>
        <testcase name="testTeamLeaderPageIsSuccessful with data set #20" class="Tests\App\Availability\AvailabilityFunctionalTest" classname="Tests.App.Availability.AvailabilityFunctionalTest" file="/Users/nori/Projects/ntnu/vektor/v1/monolith/tests/AppBundle/Availability/AvailabilityFunctionalTest.php" line="81" assertions="1" time="0.376692"/>
        <testcase name="testTeamLeaderPageIsSuccessful with data set #21" class="Tests\App\Availability\AvailabilityFunctionalTest" classname="Tests.App.Availability.AvailabilityFunctionalTest" file="/Users/nori/Projects/ntnu/vektor/v1/monolith/tests/AppBundle/Availability/AvailabilityFunctionalTest.php" line="81" assertions="1" time="0.375941"/>
        <testcase name="testTeamLeaderPageIsSuccessful with data set #22" class="Tests\App\Availability\AvailabilityFunctionalTest" classname="Tests.App.Availability.AvailabilityFunctionalTest" file="/Users/nori/Projects/ntnu/vektor/v1/monolith/tests/AppBundle/Availability/AvailabilityFunctionalTest.php" line="81" assertions="1" time="0.395566"/>
        <testcase name="testTeamLeaderPageIsSuccessful with data set #23" class="Tests\App\Availability\AvailabilityFunctionalTest" classname="Tests.App.Availability.AvailabilityFunctionalTest" file="/Users/nori/Projects/ntnu/vektor/v1/monolith/tests/AppBundle/Availability/AvailabilityFunctionalTest.php" line="81" assertions="1" time="0.390389"/>
        <testcase name="testTeamLeaderPageIsSuccessful with data set #24" class="Tests\App\Availability\AvailabilityFunctionalTest" classname="Tests.App.Availability.AvailabilityFunctionalTest" file="/Users/nori/Projects/ntnu/vektor/v1/monolith/tests/AppBundle/Availability/AvailabilityFunctionalTest.php" line="81" assertions="1" time="0.377214"/>
        <testcase name="testTeamLeaderPageIsSuccessful with data set #25" class="Tests\App\Availability\AvailabilityFunctionalTest" classname="Tests.App.Availability.AvailabilityFunctionalTest" file="/Users/nori/Projects/ntnu/vektor/v1/monolith/tests/AppBundle/Availability/AvailabilityFunctionalTest.php" line="81" assertions="1" time="0.371308"/>
        <testcase name="testTeamLeaderPageIsSuccessful with data set #26" class="Tests\App\Availability\AvailabilityFunctionalTest" classname="Tests.App.Availability.AvailabilityFunctionalTest" file="/Users/nori/Projects/ntnu/vektor/v1/monolith/tests/AppBundle/Availability/AvailabilityFunctionalTest.php" line="81" assertions="1" time="0.391706"/>
      </testsuite>
      <testsuite name="Tests\App\Availability\AvailabilityFunctionalTest::testTeamLeaderPageIsDenied" tests="27" assertions="27" errors="0" warnings="0" failures="0" skipped="0" time="11.069746">
        <testcase name="testTeamLeaderPageIsDenied with data set #0" class="Tests\App\Availability\AvailabilityFunctionalTest" classname="Tests.App.Availability.AvailabilityFunctionalTest" file="/Users/nori/Projects/ntnu/vektor/v1/monolith/tests/AppBundle/Availability/AvailabilityFunctionalTest.php" line="94" assertions="1" time="0.400410"/>
        <testcase name="testTeamLeaderPageIsDenied with data set #1" class="Tests\App\Availability\AvailabilityFunctionalTest" classname="Tests.App.Availability.AvailabilityFunctionalTest" file="/Users/nori/Projects/ntnu/vektor/v1/monolith/tests/AppBundle/Availability/AvailabilityFunctionalTest.php" line="94" assertions="1" time="0.402711"/>
        <testcase name="testTeamLeaderPageIsDenied with data set #2" class="Tests\App\Availability\AvailabilityFunctionalTest" classname="Tests.App.Availability.AvailabilityFunctionalTest" file="/Users/nori/Projects/ntnu/vektor/v1/monolith/tests/AppBundle/Availability/AvailabilityFunctionalTest.php" line="94" assertions="1" time="0.421234"/>
        <testcase name="testTeamLeaderPageIsDenied with data set #3" class="Tests\App\Availability\AvailabilityFunctionalTest" classname="Tests.App.Availability.AvailabilityFunctionalTest" file="/Users/nori/Projects/ntnu/vektor/v1/monolith/tests/AppBundle/Availability/AvailabilityFunctionalTest.php" line="94" assertions="1" time="0.398756"/>
        <testcase name="testTeamLeaderPageIsDenied with data set #4" class="Tests\App\Availability\AvailabilityFunctionalTest" classname="Tests.App.Availability.AvailabilityFunctionalTest" file="/Users/nori/Projects/ntnu/vektor/v1/monolith/tests/AppBundle/Availability/AvailabilityFunctionalTest.php" line="94" assertions="1" time="0.397859"/>
        <testcase name="testTeamLeaderPageIsDenied with data set #5" class="Tests\App\Availability\AvailabilityFunctionalTest" classname="Tests.App.Availability.AvailabilityFunctionalTest" file="/Users/nori/Projects/ntnu/vektor/v1/monolith/tests/AppBundle/Availability/AvailabilityFunctionalTest.php" line="94" assertions="1" time="0.403893"/>
        <testcase name="testTeamLeaderPageIsDenied with data set #6" class="Tests\App\Availability\AvailabilityFunctionalTest" classname="Tests.App.Availability.AvailabilityFunctionalTest" file="/Users/nori/Projects/ntnu/vektor/v1/monolith/tests/AppBundle/Availability/AvailabilityFunctionalTest.php" line="94" assertions="1" time="0.399271"/>
        <testcase name="testTeamLeaderPageIsDenied with data set #7" class="Tests\App\Availability\AvailabilityFunctionalTest" classname="Tests.App.Availability.AvailabilityFunctionalTest" file="/Users/nori/Projects/ntnu/vektor/v1/monolith/tests/AppBundle/Availability/AvailabilityFunctionalTest.php" line="94" assertions="1" time="0.419587"/>
        <testcase name="testTeamLeaderPageIsDenied with data set #8" class="Tests\App\Availability\AvailabilityFunctionalTest" classname="Tests.App.Availability.AvailabilityFunctionalTest" file="/Users/nori/Projects/ntnu/vektor/v1/monolith/tests/AppBundle/Availability/AvailabilityFunctionalTest.php" line="94" assertions="1" time="0.400071"/>
        <testcase name="testTeamLeaderPageIsDenied with data set #9" class="Tests\App\Availability\AvailabilityFunctionalTest" classname="Tests.App.Availability.AvailabilityFunctionalTest" file="/Users/nori/Projects/ntnu/vektor/v1/monolith/tests/AppBundle/Availability/AvailabilityFunctionalTest.php" line="94" assertions="1" time="0.400097"/>
        <testcase name="testTeamLeaderPageIsDenied with data set #10" class="Tests\App\Availability\AvailabilityFunctionalTest" classname="Tests.App.Availability.AvailabilityFunctionalTest" file="/Users/nori/Projects/ntnu/vektor/v1/monolith/tests/AppBundle/Availability/AvailabilityFunctionalTest.php" line="94" assertions="1" time="0.400505"/>
        <testcase name="testTeamLeaderPageIsDenied with data set #11" class="Tests\App\Availability\AvailabilityFunctionalTest" classname="Tests.App.Availability.AvailabilityFunctionalTest" file="/Users/nori/Projects/ntnu/vektor/v1/monolith/tests/AppBundle/Availability/AvailabilityFunctionalTest.php" line="94" assertions="1" time="0.405052"/>
        <testcase name="testTeamLeaderPageIsDenied with data set #12" class="Tests\App\Availability\AvailabilityFunctionalTest" classname="Tests.App.Availability.AvailabilityFunctionalTest" file="/Users/nori/Projects/ntnu/vektor/v1/monolith/tests/AppBundle/Availability/AvailabilityFunctionalTest.php" line="94" assertions="1" time="0.423512"/>
        <testcase name="testTeamLeaderPageIsDenied with data set #13" class="Tests\App\Availability\AvailabilityFunctionalTest" classname="Tests.App.Availability.AvailabilityFunctionalTest" file="/Users/nori/Projects/ntnu/vektor/v1/monolith/tests/AppBundle/Availability/AvailabilityFunctionalTest.php" line="94" assertions="1" time="0.406488"/>
        <testcase name="testTeamLeaderPageIsDenied with data set #14" class="Tests\App\Availability\AvailabilityFunctionalTest" classname="Tests.App.Availability.AvailabilityFunctionalTest" file="/Users/nori/Projects/ntnu/vektor/v1/monolith/tests/AppBundle/Availability/AvailabilityFunctionalTest.php" line="94" assertions="1" time="0.406445"/>
        <testcase name="testTeamLeaderPageIsDenied with data set #15" class="Tests\App\Availability\AvailabilityFunctionalTest" classname="Tests.App.Availability.AvailabilityFunctionalTest" file="/Users/nori/Projects/ntnu/vektor/v1/monolith/tests/AppBundle/Availability/AvailabilityFunctionalTest.php" line="94" assertions="1" time="0.414413"/>
        <testcase name="testTeamLeaderPageIsDenied with data set #16" class="Tests\App\Availability\AvailabilityFunctionalTest" classname="Tests.App.Availability.AvailabilityFunctionalTest" file="/Users/nori/Projects/ntnu/vektor/v1/monolith/tests/AppBundle/Availability/AvailabilityFunctionalTest.php" line="94" assertions="1" time="0.438447"/>
        <testcase name="testTeamLeaderPageIsDenied with data set #17" class="Tests\App\Availability\AvailabilityFunctionalTest" classname="Tests.App.Availability.AvailabilityFunctionalTest" file="/Users/nori/Projects/ntnu/vektor/v1/monolith/tests/AppBundle/Availability/AvailabilityFunctionalTest.php" line="94" assertions="1" time="0.458326"/>
        <testcase name="testTeamLeaderPageIsDenied with data set #18" class="Tests\App\Availability\AvailabilityFunctionalTest" classname="Tests.App.Availability.AvailabilityFunctionalTest" file="/Users/nori/Projects/ntnu/vektor/v1/monolith/tests/AppBundle/Availability/AvailabilityFunctionalTest.php" line="94" assertions="1" time="0.410980"/>
        <testcase name="testTeamLeaderPageIsDenied with data set #19" class="Tests\App\Availability\AvailabilityFunctionalTest" classname="Tests.App.Availability.AvailabilityFunctionalTest" file="/Users/nori/Projects/ntnu/vektor/v1/monolith/tests/AppBundle/Availability/AvailabilityFunctionalTest.php" line="94" assertions="1" time="0.406065"/>
        <testcase name="testTeamLeaderPageIsDenied with data set #20" class="Tests\App\Availability\AvailabilityFunctionalTest" classname="Tests.App.Availability.AvailabilityFunctionalTest" file="/Users/nori/Projects/ntnu/vektor/v1/monolith/tests/AppBundle/Availability/AvailabilityFunctionalTest.php" line="94" assertions="1" time="0.403113"/>
        <testcase name="testTeamLeaderPageIsDenied with data set #21" class="Tests\App\Availability\AvailabilityFunctionalTest" classname="Tests.App.Availability.AvailabilityFunctionalTest" file="/Users/nori/Projects/ntnu/vektor/v1/monolith/tests/AppBundle/Availability/AvailabilityFunctionalTest.php" line="94" assertions="1" time="0.399176"/>
        <testcase name="testTeamLeaderPageIsDenied with data set #22" class="Tests\App\Availability\AvailabilityFunctionalTest" classname="Tests.App.Availability.AvailabilityFunctionalTest" file="/Users/nori/Projects/ntnu/vektor/v1/monolith/tests/AppBundle/Availability/AvailabilityFunctionalTest.php" line="94" assertions="1" time="0.422422"/>
        <testcase name="testTeamLeaderPageIsDenied with data set #23" class="Tests\App\Availability\AvailabilityFunctionalTest" classname="Tests.App.Availability.AvailabilityFunctionalTest" file="/Users/nori/Projects/ntnu/vektor/v1/monolith/tests/AppBundle/Availability/AvailabilityFunctionalTest.php" line="94" assertions="1" time="0.406418"/>
        <testcase name="testTeamLeaderPageIsDenied with data set #24" class="Tests\App\Availability\AvailabilityFunctionalTest" classname="Tests.App.Availability.AvailabilityFunctionalTest" file="/Users/nori/Projects/ntnu/vektor/v1/monolith/tests/AppBundle/Availability/AvailabilityFunctionalTest.php" line="94" assertions="1" time="0.406911"/>
        <testcase name="testTeamLeaderPageIsDenied with data set #25" class="Tests\App\Availability\AvailabilityFunctionalTest" classname="Tests.App.Availability.AvailabilityFunctionalTest" file="/Users/nori/Projects/ntnu/vektor/v1/monolith/tests/AppBundle/Availability/AvailabilityFunctionalTest.php" line="94" assertions="1" time="0.413501"/>
        <testcase name="testTeamLeaderPageIsDenied with data set #26" class="Tests\App\Availability\AvailabilityFunctionalTest" classname="Tests.App.Availability.AvailabilityFunctionalTest" file="/Users/nori/Projects/ntnu/vektor/v1/monolith/tests/AppBundle/Availability/AvailabilityFunctionalTest.php" line="94" assertions="1" time="0.404084"/>
      </testsuite>
      <testsuite name="Tests\App\Availability\AvailabilityFunctionalTest::testAdminPageIsSuccessful" tests="7" assertions="7" errors="0" warnings="0" failures="0" skipped="0" time="2.927148">
        <testcase name="testAdminPageIsSuccessful with data set #0" class="Tests\App\Availability\AvailabilityFunctionalTest" classname="Tests.App.Availability.AvailabilityFunctionalTest" file="/Users/nori/Projects/ntnu/vektor/v1/monolith/tests/AppBundle/Availability/AvailabilityFunctionalTest.php" line="108" assertions="1" time="0.393984"/>
        <testcase name="testAdminPageIsSuccessful with data set #1" class="Tests\App\Availability\AvailabilityFunctionalTest" classname="Tests.App.Availability.AvailabilityFunctionalTest" file="/Users/nori/Projects/ntnu/vektor/v1/monolith/tests/AppBundle/Availability/AvailabilityFunctionalTest.php" line="108" assertions="1" time="0.377478"/>
        <testcase name="testAdminPageIsSuccessful with data set #2" class="Tests\App\Availability\AvailabilityFunctionalTest" classname="Tests.App.Availability.AvailabilityFunctionalTest" file="/Users/nori/Projects/ntnu/vektor/v1/monolith/tests/AppBundle/Availability/AvailabilityFunctionalTest.php" line="108" assertions="1" time="0.377595"/>
        <testcase name="testAdminPageIsSuccessful with data set #3" class="Tests\App\Availability\AvailabilityFunctionalTest" classname="Tests.App.Availability.AvailabilityFunctionalTest" file="/Users/nori/Projects/ntnu/vektor/v1/monolith/tests/AppBundle/Availability/AvailabilityFunctionalTest.php" line="108" assertions="1" time="0.391036"/>
        <testcase name="testAdminPageIsSuccessful with data set #4" class="Tests\App\Availability\AvailabilityFunctionalTest" classname="Tests.App.Availability.AvailabilityFunctionalTest" file="/Users/nori/Projects/ntnu/vektor/v1/monolith/tests/AppBundle/Availability/AvailabilityFunctionalTest.php" line="108" assertions="1" time="0.463172"/>
        <testcase name="testAdminPageIsSuccessful with data set #5" class="Tests\App\Availability\AvailabilityFunctionalTest" classname="Tests.App.Availability.AvailabilityFunctionalTest" file="/Users/nori/Projects/ntnu/vektor/v1/monolith/tests/AppBundle/Availability/AvailabilityFunctionalTest.php" line="108" assertions="1" time="0.448985"/>
        <testcase name="testAdminPageIsSuccessful with data set #6" class="Tests\App\Availability\AvailabilityFunctionalTest" classname="Tests.App.Availability.AvailabilityFunctionalTest" file="/Users/nori/Projects/ntnu/vektor/v1/monolith/tests/AppBundle/Availability/AvailabilityFunctionalTest.php" line="108" assertions="1" time="0.474898"/>
      </testsuite>
      <testsuite name="Tests\App\Availability\AvailabilityFunctionalTest::testAdminPageIsDenied" tests="7" assertions="7" errors="0" warnings="0" failures="0" skipped="0" time="2.836327">
        <testcase name="testAdminPageIsDenied with data set #0" class="Tests\App\Availability\AvailabilityFunctionalTest" classname="Tests.App.Availability.AvailabilityFunctionalTest" file="/Users/nori/Projects/ntnu/vektor/v1/monolith/tests/AppBundle/Availability/AvailabilityFunctionalTest.php" line="121" assertions="1" time="0.402229"/>
        <testcase name="testAdminPageIsDenied with data set #1" class="Tests\App\Availability\AvailabilityFunctionalTest" classname="Tests.App.Availability.AvailabilityFunctionalTest" file="/Users/nori/Projects/ntnu/vektor/v1/monolith/tests/AppBundle/Availability/AvailabilityFunctionalTest.php" line="121" assertions="1" time="0.405370"/>
        <testcase name="testAdminPageIsDenied with data set #2" class="Tests\App\Availability\AvailabilityFunctionalTest" classname="Tests.App.Availability.AvailabilityFunctionalTest" file="/Users/nori/Projects/ntnu/vektor/v1/monolith/tests/AppBundle/Availability/AvailabilityFunctionalTest.php" line="121" assertions="1" time="0.404545"/>
        <testcase name="testAdminPageIsDenied with data set #3" class="Tests\App\Availability\AvailabilityFunctionalTest" classname="Tests.App.Availability.AvailabilityFunctionalTest" file="/Users/nori/Projects/ntnu/vektor/v1/monolith/tests/AppBundle/Availability/AvailabilityFunctionalTest.php" line="121" assertions="1" time="0.414926"/>
        <testcase name="testAdminPageIsDenied with data set #4" class="Tests\App\Availability\AvailabilityFunctionalTest" classname="Tests.App.Availability.AvailabilityFunctionalTest" file="/Users/nori/Projects/ntnu/vektor/v1/monolith/tests/AppBundle/Availability/AvailabilityFunctionalTest.php" line="121" assertions="1" time="0.404206"/>
        <testcase name="testAdminPageIsDenied with data set #5" class="Tests\App\Availability\AvailabilityFunctionalTest" classname="Tests.App.Availability.AvailabilityFunctionalTest" file="/Users/nori/Projects/ntnu/vektor/v1/monolith/tests/AppBundle/Availability/AvailabilityFunctionalTest.php" line="121" assertions="1" time="0.404100"/>
        <testcase name="testAdminPageIsDenied with data set #6" class="Tests\App\Availability\AvailabilityFunctionalTest" classname="Tests.App.Availability.AvailabilityFunctionalTest" file="/Users/nori/Projects/ntnu/vektor/v1/monolith/tests/AppBundle/Availability/AvailabilityFunctionalTest.php" line="121" assertions="1" time="0.400952"/>
      </testsuite>
    </testsuite>
  </testsuite>
</testsuites>
